111.04.16 21:42 B C:\my documents\ares\renfrew county\web\Tags\AffGr.gif --> www.technifest.com /web/Tags AffGr.gif
111.04.16 21:42 B C:\my documents\ares\renfrew county\web\Tags\AffGr2.gif --> www.technifest.com /web/Tags AffGr2.gif
111.04.16 21:42 B C:\my documents\ares\renfrew county\web\Tags\ARESnet.gif --> www.technifest.com /web/Tags ARESnet.gif
111.04.16 21:42 B C:\my documents\ares\renfrew county\web\Tags\ARESnet2.gif --> www.technifest.com /web/Tags ARESnet2.gif
111.04.16 21:42 B C:\my documents\ares\renfrew county\web\Tags\InfoDocs.gif --> www.technifest.com /web/Tags InfoDocs.gif
111.04.16 21:42 B C:\my documents\ares\renfrew county\web\Tags\InfoDocs2.gif --> www.technifest.com /web/Tags InfoDocs2.gif
111.04.16 21:42 B C:\my documents\ares\renfrew county\web\Tags\LocalLinks.gif --> www.technifest.com /web/Tags LocalLinks.gif
111.04.16 21:42 B C:\my documents\ares\renfrew county\web\Tags\LocalLinks2.gif --> www.technifest.com /web/Tags LocalLinks2.gif
111.04.16 21:42 B C:\my documents\ares\renfrew county\web\Tags\served.gif --> www.technifest.com /web/Tags served.gif
111.04.16 21:42 B C:\my documents\ares\renfrew county\web\Tags\served2.gif --> www.technifest.com /web/Tags served2.gif
112.10.16 20:17 B C:\my documents\ares\renfrew county\web\Tags\AffGr.gif --> www.technifest.com /Tags AffGr.gif
112.10.16 20:17 B C:\my documents\ares\renfrew county\web\Tags\AffGr2.gif --> www.technifest.com /Tags AffGr2.gif
112.10.16 20:17 B C:\my documents\ares\renfrew county\web\Tags\ARESnet.gif --> www.technifest.com /Tags ARESnet.gif
112.10.16 20:17 B C:\my documents\ares\renfrew county\web\Tags\ARESnet2.gif --> www.technifest.com /Tags ARESnet2.gif
112.10.16 20:17 B C:\my documents\ares\renfrew county\web\Tags\InfoDocs.gif --> www.technifest.com /Tags InfoDocs.gif
112.10.16 20:17 B C:\my documents\ares\renfrew county\web\Tags\InfoDocs2.gif --> www.technifest.com /Tags InfoDocs2.gif
112.10.16 20:17 B C:\my documents\ares\renfrew county\web\Tags\LocalLinks.gif --> www.technifest.com /Tags LocalLinks.gif
112.10.16 20:17 B C:\my documents\ares\renfrew county\web\Tags\LocalLinks2.gif --> www.technifest.com /Tags LocalLinks2.gif
112.10.16 20:17 B C:\my documents\ares\renfrew county\web\Tags\served.gif --> www.technifest.com /Tags served.gif
112.10.16 20:17 B C:\my documents\ares\renfrew county\web\Tags\served2.gif --> www.technifest.com /Tags served2.gif
112.10.16 20:17 B C:\my documents\ares\renfrew county\web\Tags\WS_FTP.LOG --> www.technifest.com /Tags WS_FTP.LOG
116.03.24 21:59 B C:\Users\Bob\my documents\ares\renfrew county\Web_new_2016\Tags\AffGr.gif --> ftp.niceguyjim.com /Tags AffGr.gif
116.03.24 21:59 B C:\Users\Bob\my documents\ares\renfrew county\Web_new_2016\Tags\AffGr2.gif --> ftp.niceguyjim.com /Tags AffGr2.gif
116.03.24 21:59 B C:\Users\Bob\my documents\ares\renfrew county\Web_new_2016\Tags\ARESnet.gif --> ftp.niceguyjim.com /Tags ARESnet.gif
116.03.24 21:59 B C:\Users\Bob\my documents\ares\renfrew county\Web_new_2016\Tags\ARESnet2.gif --> ftp.niceguyjim.com /Tags ARESnet2.gif
116.03.24 21:59 B C:\Users\Bob\my documents\ares\renfrew county\Web_new_2016\Tags\InfoDocs.gif --> ftp.niceguyjim.com /Tags InfoDocs.gif
116.03.24 21:59 B C:\Users\Bob\my documents\ares\renfrew county\Web_new_2016\Tags\InfoDocs2.gif --> ftp.niceguyjim.com /Tags InfoDocs2.gif
116.03.24 21:59 B C:\Users\Bob\my documents\ares\renfrew county\Web_new_2016\Tags\LocalLinks.gif --> ftp.niceguyjim.com /Tags LocalLinks.gif
116.03.24 21:59 B C:\Users\Bob\my documents\ares\renfrew county\Web_new_2016\Tags\LocalLinks2.gif --> ftp.niceguyjim.com /Tags LocalLinks2.gif
116.03.24 21:59 B C:\Users\Bob\my documents\ares\renfrew county\Web_new_2016\Tags\served.gif --> ftp.niceguyjim.com /Tags served.gif
116.03.24 21:59 B C:\Users\Bob\my documents\ares\renfrew county\Web_new_2016\Tags\served2.gif --> ftp.niceguyjim.com /Tags served2.gif
116.03.24 21:59 B C:\Users\Bob\my documents\ares\renfrew county\Web_new_2016\Tags\Thumbs.db --> ftp.niceguyjim.com /Tags Thumbs.db
