2006.10.21 17:04 B D:\INCOMING\webmod\ARES\ARESPics\2001Chalet\burndogs.jpg <-- TechniFest /web/ARES/ARESPics/2001Chalet burndogs.jpg
2006.10.21 17:04 B D:\INCOMING\webmod\ARES\ARESPics\2001Chalet\cookingsoup.jpg <-- TechniFest /web/ARES/ARESPics/2001Chalet cookingsoup.jpg
2006.10.21 17:04 B D:\INCOMING\webmod\ARES\ARESPics\2001Chalet\Freddigging.jpg <-- TechniFest /web/ARES/ARESPics/2001Chalet Freddigging.jpg
2006.10.21 17:05 B D:\INCOMING\webmod\ARES\ARESPics\2001Chalet\frominside.jpg <-- TechniFest /web/ARES/ARESPics/2001Chalet frominside.jpg
2006.10.21 17:05 B D:\INCOMING\webmod\ARES\ARESPics\2001Chalet\group.jpg <-- TechniFest /web/ARES/ARESPics/2001Chalet group.jpg
2006.10.21 17:05 B D:\INCOMING\webmod\ARES\ARESPics\2001Chalet\infrontofchalet.jpg <-- TechniFest /web/ARES/ARESPics/2001Chalet infrontofchalet.jpg
2006.10.21 17:05 B D:\INCOMING\webmod\ARES\ARESPics\2001Chalet\Randydigging.jpg <-- TechniFest /web/ARES/ARESPics/2001Chalet Randydigging.jpg
2006.10.21 17:05 B D:\INCOMING\webmod\ARES\ARESPics\2001Chalet\Yvonneinside.jpg <-- TechniFest /web/ARES/ARESPics/2001Chalet Yvonneinside.jpg
2006.10.21 17:33 B D:\INCOMING\webmod\ARES\ARESPics\2001Chalet\WS_FTP.LOG --> www.technifest.com /.users/135/rcares/web/ARESPics/2001Chalet WS_FTP.LOG
2006.10.21 17:37 B D:\INCOMING\webmod\ARES\ARESPics\2001Chalet\burndogs.jpg --> www.technifest.com /web/ARES/ARESPics/2001Chalet burndogs.jpg
2006.10.21 17:37 B D:\INCOMING\webmod\ARES\ARESPics\2001Chalet\cookingsoup.jpg --> www.technifest.com /web/ARES/ARESPics/2001Chalet cookingsoup.jpg
2006.10.21 17:37 B D:\INCOMING\webmod\ARES\ARESPics\2001Chalet\Freddigging.jpg --> www.technifest.com /web/ARES/ARESPics/2001Chalet Freddigging.jpg
2006.10.21 17:38 B D:\INCOMING\webmod\ARES\ARESPics\2001Chalet\frominside.jpg --> www.technifest.com /web/ARES/ARESPics/2001Chalet frominside.jpg
2006.10.21 17:38 B D:\INCOMING\webmod\ARES\ARESPics\2001Chalet\group.jpg --> www.technifest.com /web/ARES/ARESPics/2001Chalet group.jpg
2006.10.21 17:38 B D:\INCOMING\webmod\ARES\ARESPics\2001Chalet\infrontofchalet.jpg --> www.technifest.com /web/ARES/ARESPics/2001Chalet infrontofchalet.jpg
2006.10.21 17:38 B D:\INCOMING\webmod\ARES\ARESPics\2001Chalet\Randydigging.jpg --> www.technifest.com /web/ARES/ARESPics/2001Chalet Randydigging.jpg
2006.10.21 17:38 B D:\INCOMING\webmod\ARES\ARESPics\2001Chalet\WS_FTP.LOG --> www.technifest.com /web/ARES/ARESPics/2001Chalet WS_FTP.LOG
2006.10.21 17:38 B D:\INCOMING\webmod\ARES\ARESPics\2001Chalet\Yvonneinside.jpg --> www.technifest.com /web/ARES/ARESPics/2001Chalet Yvonneinside.jpg
2006.10.23 13:23 B D:\INCOMING\webmod\ARES\ARESPics\2001Chalet\burndogs.jpg --> www.technifest.com /web/ARESPics/2001Chalet burndogs.jpg
2006.10.23 13:23 B D:\INCOMING\webmod\ARES\ARESPics\2001Chalet\cookingsoup.jpg --> www.technifest.com /web/ARESPics/2001Chalet cookingsoup.jpg
2006.10.23 13:23 B D:\INCOMING\webmod\ARES\ARESPics\2001Chalet\Freddigging.jpg --> www.technifest.com /web/ARESPics/2001Chalet Freddigging.jpg
2006.10.23 13:23 B D:\INCOMING\webmod\ARES\ARESPics\2001Chalet\frominside.jpg --> www.technifest.com /web/ARESPics/2001Chalet frominside.jpg
2006.10.23 13:23 B D:\INCOMING\webmod\ARES\ARESPics\2001Chalet\group.jpg --> www.technifest.com /web/ARESPics/2001Chalet group.jpg
2006.10.23 13:23 B D:\INCOMING\webmod\ARES\ARESPics\2001Chalet\infrontofchalet.jpg --> www.technifest.com /web/ARESPics/2001Chalet infrontofchalet.jpg
2006.10.23 13:23 B D:\INCOMING\webmod\ARES\ARESPics\2001Chalet\Randydigging.jpg --> www.technifest.com /web/ARESPics/2001Chalet Randydigging.jpg
106.12.10 19:53 B C:\Documents and Settings\Robert Howard\My Documents\ARES\Renfrew Co\Web\ARESPics\2001Chalet\WS_FTP.LOG <-- ARES /web/ARESPics/2001Chalet WS_FTP.LOG
106.12.10 19:53 B C:\Documents and Settings\Robert Howard\My Documents\ARES\Renfrew Co\Web\ARESPics\2001Chalet\Yvonneinside.jpg <-- ARES /web/ARESPics/2001Chalet Yvonneinside.jpg
116.03.24 22:10 B C:\Users\Bob\my documents\ares\renfrew county\Web_new_2016\ARESPics\2001Chalet\burndogs.jpg --> ftp.niceguyjim.com /ARESPics/2001Chalet burndogs.jpg
116.03.24 22:10 B C:\Users\Bob\my documents\ares\renfrew county\Web_new_2016\ARESPics\2001Chalet\cookingsoup.jpg --> ftp.niceguyjim.com /ARESPics/2001Chalet cookingsoup.jpg
116.03.24 22:10 B C:\Users\Bob\my documents\ares\renfrew county\Web_new_2016\ARESPics\2001Chalet\Freddigging.jpg --> ftp.niceguyjim.com /ARESPics/2001Chalet Freddigging.jpg
116.03.24 22:10 B C:\Users\Bob\my documents\ares\renfrew county\Web_new_2016\ARESPics\2001Chalet\frominside.jpg --> ftp.niceguyjim.com /ARESPics/2001Chalet frominside.jpg
116.03.24 22:10 B C:\Users\Bob\my documents\ares\renfrew county\Web_new_2016\ARESPics\2001Chalet\group.jpg --> ftp.niceguyjim.com /ARESPics/2001Chalet group.jpg
116.03.24 22:10 B C:\Users\Bob\my documents\ares\renfrew county\Web_new_2016\ARESPics\2001Chalet\infrontofchalet.jpg --> ftp.niceguyjim.com /ARESPics/2001Chalet infrontofchalet.jpg
116.03.24 22:10 B C:\Users\Bob\my documents\ares\renfrew county\Web_new_2016\ARESPics\2001Chalet\Randydigging.jpg --> ftp.niceguyjim.com /ARESPics/2001Chalet Randydigging.jpg
