106.12.10 20:01 B C:\Documents and Settings\Robert Howard\My Documents\ARES\Renfrew Co\Web\Forms\formthanks.htm <-- ARES /web/Forms formthanks.htm
106.12.10 20:01 B C:\Documents and Settings\Robert Howard\My Documents\ARES\Renfrew Co\Web\Forms\memform.doc <-- ARES /web/Forms memform.doc
106.12.10 20:01 B C:\Documents and Settings\Robert Howard\My Documents\ARES\Renfrew Co\Web\Forms\memform.htm <-- ARES /web/Forms memform.htm
106.12.10 20:01 B C:\Documents and Settings\Robert Howard\My Documents\ARES\Renfrew Co\Web\Forms\OPS Plan RCW 22 Feb 2006.doc <-- ARES /web/Forms OPS Plan RCW 22 Feb 2006.doc
106.12.10 20:01 B C:\Documents and Settings\Robert Howard\My Documents\ARES\Renfrew Co\Web\Forms\pptnote.htm <-- ARES /web/Forms pptnote.htm
106.12.10 20:01 B C:\Documents and Settings\Robert Howard\My Documents\ARES\Renfrew Co\Web\Forms\RC-ARES Message Form V2.doc <-- ARES /web/Forms RC-ARES Message Form V2.doc
106.12.10 20:01 B C:\Documents and Settings\Robert Howard\My Documents\ARES\Renfrew Co\Web\Forms\RC-ARES-Pamphlet-inside_Feb-22.doc <-- ARES /web/Forms RC-ARES-Pamphlet-inside_Feb-22.doc
106.12.10 20:01 B C:\Documents and Settings\Robert Howard\My Documents\ARES\Renfrew Co\Web\Forms\RC-ARES-Pamphlet-outside_Feb-22.doc <-- ARES /web/Forms RC-ARES-Pamphlet-outside_Feb-22.doc
106.12.10 20:01 B C:\Documents and Settings\Robert Howard\My Documents\ARES\Renfrew Co\Web\Forms\RC-ARES_MuniPresentation.ppt <-- ARES /web/Forms RC-ARES_MuniPresentation.ppt
110.09.24 21:44 B C:\my documents\ares\renfrew county\web\Forms\pptnote.htm --> www.technifest.com /web/Forms pptnote.htm
112.01.30 10:15 B C:\my documents\ares\renfrew county\web\Forms\ics213.doc --> www.technifest.com /web/Forms ics213.doc
112.01.30 10:16 B C:\my documents\ares\renfrew county\web\Forms\IMS213-R.pdf --> www.technifest.com /web/Forms IMS213-R.pdf
112.10.28 14:54 B C:\my documents\ares\renfrew county\web\Forms\formthanks.htm --> www.technifest.com /Forms formthanks.htm
112.10.28 14:54 B C:\my documents\ares\renfrew county\web\Forms\ics213.doc --> www.technifest.com /Forms ics213.doc
112.10.28 14:54 B C:\my documents\ares\renfrew county\web\Forms\IMS213-R.pdf --> www.technifest.com /Forms IMS213-R.pdf
112.10.28 14:54 B C:\my documents\ares\renfrew county\web\Forms\memform.doc --> www.technifest.com /Forms memform.doc
112.10.28 14:54 B C:\my documents\ares\renfrew county\web\Forms\memform.htm --> www.technifest.com /Forms memform.htm
112.10.28 14:54 B C:\my documents\ares\renfrew county\web\Forms\OPS Plan RCW 22 Feb 2006.doc --> www.technifest.com /Forms OPS Plan RCW 22 Feb 2006.doc
112.10.28 14:54 B C:\my documents\ares\renfrew county\web\Forms\pptnote.htm --> www.technifest.com /Forms pptnote.htm
112.10.28 14:54 B C:\my documents\ares\renfrew county\web\Forms\RC-ARES Message Form V2.doc --> www.technifest.com /Forms RC-ARES Message Form V2.doc
112.10.28 14:54 B C:\my documents\ares\renfrew county\web\Forms\RC-ARES-Pamphlet-inside_Feb-22.doc --> www.technifest.com /Forms RC-ARES-Pamphlet-inside_Feb-22.doc
112.10.28 14:54 B C:\my documents\ares\renfrew county\web\Forms\RC-ARES-Pamphlet-outside_Feb-22.doc --> www.technifest.com /Forms RC-ARES-Pamphlet-outside_Feb-22.doc
112.10.28 14:54 B C:\my documents\ares\renfrew county\web\Forms\RC-ARES_MuniPresentation.ppt --> www.technifest.com /Forms RC-ARES_MuniPresentation.ppt
112.10.28 14:54 B C:\my documents\ares\renfrew county\web\Forms\Thumbs.db --> www.technifest.com /Forms Thumbs.db
112.10.28 14:54 B C:\my documents\ares\renfrew county\web\Forms\WS_FTP.LOG --> www.technifest.com /Forms WS_FTP.LOG
112.12.26 11:49 B C:\my documents\ares\renfrew county\web\Forms\Radio Shack 3 Amp Power Supply Conversion.pdf --> www.technifest.com /Forms Radio Shack 3 Amp Power Supply Conversion.pdf
116.03.24 22:08 B C:\Users\Bob\my documents\ares\renfrew county\Web_new_2016\Forms\formthanks.htm --> ftp.niceguyjim.com /Forms formthanks.htm
116.03.24 22:08 B C:\Users\Bob\my documents\ares\renfrew county\Web_new_2016\Forms\ics213.doc --> ftp.niceguyjim.com /Forms ics213.doc
116.03.24 22:08 B C:\Users\Bob\my documents\ares\renfrew county\Web_new_2016\Forms\IMS213-R.pdf --> ftp.niceguyjim.com /Forms IMS213-R.pdf
116.03.24 22:08 B C:\Users\Bob\my documents\ares\renfrew county\Web_new_2016\Forms\memform.doc --> ftp.niceguyjim.com /Forms memform.doc
116.03.24 22:08 B C:\Users\Bob\my documents\ares\renfrew county\Web_new_2016\Forms\memform.htm --> ftp.niceguyjim.com /Forms memform.htm
116.03.24 22:08 B C:\Users\Bob\my documents\ares\renfrew county\Web_new_2016\Forms\OPS Plan RCW 22 Feb 2006.doc --> ftp.niceguyjim.com /Forms OPS Plan RCW 22 Feb 2006.doc
116.03.24 22:08 B C:\Users\Bob\my documents\ares\renfrew county\Web_new_2016\Forms\pptnote.htm --> ftp.niceguyjim.com /Forms pptnote.htm
116.03.24 22:08 B C:\Users\Bob\my documents\ares\renfrew county\Web_new_2016\Forms\Radio Shack 3 Amp Power Supply Conversion.pdf --> ftp.niceguyjim.com /Forms Radio Shack 3 Amp Power Supply Conversion.pdf
116.03.24 22:08 B C:\Users\Bob\my documents\ares\renfrew county\Web_new_2016\Forms\RC-ARES Message Form V2.doc --> ftp.niceguyjim.com /Forms RC-ARES Message Form V2.doc
116.03.24 22:08 B C:\Users\Bob\my documents\ares\renfrew county\Web_new_2016\Forms\RC-ARES-Pamphlet-inside_Feb-22.doc --> ftp.niceguyjim.com /Forms RC-ARES-Pamphlet-inside_Feb-22.doc
116.03.24 22:08 B C:\Users\Bob\my documents\ares\renfrew county\Web_new_2016\Forms\RC-ARES-Pamphlet-outside_Feb-22.doc --> ftp.niceguyjim.com /Forms RC-ARES-Pamphlet-outside_Feb-22.doc
116.03.24 22:08 B C:\Users\Bob\my documents\ares\renfrew county\Web_new_2016\Forms\RC-ARES_MuniPresentation.ppt --> ftp.niceguyjim.com /Forms RC-ARES_MuniPresentation.ppt
116.03.24 22:08 B C:\Users\Bob\my documents\ares\renfrew county\Web_new_2016\Forms\Thumbs.db --> ftp.niceguyjim.com /Forms Thumbs.db
