106.12.10 19:52 B C:\Documents and Settings\Robert Howard\My Documents\ARES\Renfrew Co\Web\ARESPics\anderson.gif <-- ARES /web/ARESPics anderson.gif
106.12.10 19:52 B C:\Documents and Settings\Robert Howard\My Documents\ARES\Renfrew Co\Web\ARESPics\ARESbadge.jpg <-- ARES /web/ARESPics ARESbadge.jpg
106.12.10 19:52 B C:\Documents and Settings\Robert Howard\My Documents\ARES\Renfrew Co\Web\ARESPics\Capture.jpg <-- ARES /web/ARESPics Capture.jpg
106.12.10 19:52 B C:\Documents and Settings\Robert Howard\My Documents\ARES\Renfrew Co\Web\ARESPics\osarvalogo.jpg <-- ARES /web/ARESPics osarvalogo.jpg
106.12.10 19:52 B C:\Documents and Settings\Robert Howard\My Documents\ARES\Renfrew Co\Web\ARESPics\osarvaregions.jpg <-- ARES /web/ARESPics osarvaregions.jpg
106.12.10 19:52 B C:\Documents and Settings\Robert Howard\My Documents\ARES\Renfrew Co\Web\ARESPics\RAClogoweb.gif <-- ARES /web/ARESPics RAClogoweb.gif
106.12.10 19:52 B C:\Documents and Settings\Robert Howard\My Documents\ARES\Renfrew Co\Web\ARESPics\rcarc_logo.jpg <-- ARES /web/ARESPics rcarc_logo.jpg
106.12.10 19:52 B C:\Documents and Settings\Robert Howard\My Documents\ARES\Renfrew Co\Web\ARESPics\rcarclogoares.jpg <-- ARES /web/ARESPics rcarclogoares.jpg
106.12.10 19:52 B C:\Documents and Settings\Robert Howard\My Documents\ARES\Renfrew Co\Web\ARESPics\RenCntyBoatHouse.jpg <-- ARES /web/ARESPics RenCntyBoatHouse.jpg
106.12.10 19:52 B C:\Documents and Settings\Robert Howard\My Documents\ARES\Renfrew Co\Web\ARESPics\RenCntyDec2003.jpg <-- ARES /web/ARESPics RenCntyDec2003.jpg
106.12.10 19:52 B C:\Documents and Settings\Robert Howard\My Documents\ARES\Renfrew Co\Web\ARESPics\RenCntyMay2004.jpg <-- ARES /web/ARESPics RenCntyMay2004.jpg
116.03.24 22:13 B C:\Users\Bob\my documents\ares\renfrew county\Web_new_2016\ARESPics\anderson.gif --> ftp.niceguyjim.com /ARESPics anderson.gif
116.03.24 22:13 B C:\Users\Bob\my documents\ares\renfrew county\Web_new_2016\ARESPics\ARESbadge.jpg --> ftp.niceguyjim.com /ARESPics ARESbadge.jpg
116.03.24 22:13 B C:\Users\Bob\my documents\ares\renfrew county\Web_new_2016\ARESPics\Capture.jpg --> ftp.niceguyjim.com /ARESPics Capture.jpg
116.03.24 22:13 B C:\Users\Bob\my documents\ares\renfrew county\Web_new_2016\ARESPics\osarvalogo.jpg --> ftp.niceguyjim.com /ARESPics osarvalogo.jpg
116.03.24 22:13 B C:\Users\Bob\my documents\ares\renfrew county\Web_new_2016\ARESPics\osarvaregions.jpg --> ftp.niceguyjim.com /ARESPics osarvaregions.jpg
116.03.24 22:14 B C:\Users\Bob\my documents\ares\renfrew county\Web_new_2016\ARESPics\RAClogoweb.gif --> ftp.niceguyjim.com /ARESPics RAClogoweb.gif
116.03.24 22:14 B C:\Users\Bob\my documents\ares\renfrew county\Web_new_2016\ARESPics\rcarc_logo.jpg --> ftp.niceguyjim.com /ARESPics rcarc_logo.jpg
116.03.24 22:14 B C:\Users\Bob\my documents\ares\renfrew county\Web_new_2016\ARESPics\rcarclogoares.jpg --> ftp.niceguyjim.com /ARESPics rcarclogoares.jpg
116.03.24 22:14 B C:\Users\Bob\my documents\ares\renfrew county\Web_new_2016\ARESPics\RenCntyBoatHouse.jpg --> ftp.niceguyjim.com /ARESPics RenCntyBoatHouse.jpg
116.03.24 22:14 B C:\Users\Bob\my documents\ares\renfrew county\Web_new_2016\ARESPics\RenCntyDec2003.jpg --> ftp.niceguyjim.com /ARESPics RenCntyDec2003.jpg
116.03.24 22:14 B C:\Users\Bob\my documents\ares\renfrew county\Web_new_2016\ARESPics\RenCntyMay2004.jpg --> ftp.niceguyjim.com /ARESPics RenCntyMay2004.jpg
116.03.24 22:14 B C:\Users\Bob\my documents\ares\renfrew county\Web_new_2016\ARESPics\Thumbs.db --> ftp.niceguyjim.com /ARESPics Thumbs.db
