110.10.18 10:29 B C:\my documents\ares\renfrew county\web\Record\PetFunRun2010\awards.jpg --> www.technifest.com /web/Record/PetFunRun2010 awards.jpg
110.10.18 10:29 B C:\my documents\ares\renfrew county\web\Record\PetFunRun2010\Base.jpg --> www.technifest.com /web/Record/PetFunRun2010 Base.jpg
110.10.18 10:29 B C:\my documents\ares\renfrew county\web\Record\PetFunRun2010\IMG_7952.JPG --> www.technifest.com /web/Record/PetFunRun2010 IMG_7952.JPG
110.10.18 10:29 B C:\my documents\ares\renfrew county\web\Record\PetFunRun2010\IMG_7956.JPG --> www.technifest.com /web/Record/PetFunRun2010 IMG_7956.JPG
110.10.18 10:29 B C:\my documents\ares\renfrew county\web\Record\PetFunRun2010\IMG_7957.JPG --> www.technifest.com /web/Record/PetFunRun2010 IMG_7957.JPG
110.10.18 10:29 B C:\my documents\ares\renfrew county\web\Record\PetFunRun2010\IMG_7960.JPG --> www.technifest.com /web/Record/PetFunRun2010 IMG_7960.JPG
110.10.18 10:29 B C:\my documents\ares\renfrew county\web\Record\PetFunRun2010\MyStyles.css --> www.technifest.com /web/Record/PetFunRun2010 MyStyles.css
110.10.18 10:29 B C:\my documents\ares\renfrew county\web\Record\PetFunRun2010\PetFamRun.htm --> www.technifest.com /web/Record/PetFunRun2010 PetFamRun.htm
110.10.18 10:33 B C:\my documents\ares\renfrew county\web\Record\PetFunRun2010\PetFamRun.htm --> www.technifest.com /web/Record/PetFunRun2010 PetFamRun.htm
110.10.18 10:35 B C:\my documents\ares\renfrew county\web\Record\PetFunRun2010\PetFamRun.htm --> www.technifest.com /web/Record/PetFunRun2010 PetFamRun.htm
110.10.18 10:35 B C:\my documents\ares\renfrew county\web\Record\PetFunRun2010\PetFamRun.htm --> www.technifest.com /web/Record/PetFunRun2010 PetFamRun.htm
110.10.18 10:49 B C:\my documents\ares\renfrew county\web\Record\PetFunRun2010\PetFamRun.htm --> www.technifest.com /web/Record/PetFunRun2010 PetFamRun.htm
112.10.26 10:41 B C:\my documents\ares\renfrew county\web\Record\PetFunRun2010\awards.jpg --> www.technifest.com /Record/PetFunRun2010 awards.jpg
112.10.26 10:41 B C:\my documents\ares\renfrew county\web\Record\PetFunRun2010\Base.jpg --> www.technifest.com /Record/PetFunRun2010 Base.jpg
112.10.26 10:41 B C:\my documents\ares\renfrew county\web\Record\PetFunRun2010\IMG_7952.JPG --> www.technifest.com /Record/PetFunRun2010 IMG_7952.JPG
112.10.26 10:42 B C:\my documents\ares\renfrew county\web\Record\PetFunRun2010\IMG_7956.JPG --> www.technifest.com /Record/PetFunRun2010 IMG_7956.JPG
112.10.26 10:42 B C:\my documents\ares\renfrew county\web\Record\PetFunRun2010\IMG_7957.JPG --> www.technifest.com /Record/PetFunRun2010 IMG_7957.JPG
112.10.26 10:42 B C:\my documents\ares\renfrew county\web\Record\PetFunRun2010\IMG_7960.JPG --> www.technifest.com /Record/PetFunRun2010 IMG_7960.JPG
112.10.26 10:42 B C:\my documents\ares\renfrew county\web\Record\PetFunRun2010\MyStyles.css --> www.technifest.com /Record/PetFunRun2010 MyStyles.css
112.10.26 10:42 B C:\my documents\ares\renfrew county\web\Record\PetFunRun2010\PetFamRun.htm --> www.technifest.com /Record/PetFunRun2010 PetFamRun.htm
112.10.26 10:42 B C:\my documents\ares\renfrew county\web\Record\PetFunRun2010\WS_FTP.LOG --> www.technifest.com /Record/PetFunRun2010 WS_FTP.LOG
116.03.24 22:06 B C:\Users\Bob\my documents\ares\renfrew county\Web_new_2016\Record\PetFunRun2010\awards.jpg --> ftp.niceguyjim.com /Record/PetFunRun2010 awards.jpg
116.03.24 22:06 B C:\Users\Bob\my documents\ares\renfrew county\Web_new_2016\Record\PetFunRun2010\Base.jpg --> ftp.niceguyjim.com /Record/PetFunRun2010 Base.jpg
116.03.24 22:06 B C:\Users\Bob\my documents\ares\renfrew county\Web_new_2016\Record\PetFunRun2010\IMG_7952.JPG --> ftp.niceguyjim.com /Record/PetFunRun2010 IMG_7952.JPG
116.03.24 22:06 B C:\Users\Bob\my documents\ares\renfrew county\Web_new_2016\Record\PetFunRun2010\IMG_7956.JPG --> ftp.niceguyjim.com /Record/PetFunRun2010 IMG_7956.JPG
116.03.24 22:06 B C:\Users\Bob\my documents\ares\renfrew county\Web_new_2016\Record\PetFunRun2010\IMG_7957.JPG --> ftp.niceguyjim.com /Record/PetFunRun2010 IMG_7957.JPG
116.03.24 22:06 B C:\Users\Bob\my documents\ares\renfrew county\Web_new_2016\Record\PetFunRun2010\IMG_7960.JPG --> ftp.niceguyjim.com /Record/PetFunRun2010 IMG_7960.JPG
116.03.24 22:06 B C:\Users\Bob\my documents\ares\renfrew county\Web_new_2016\Record\PetFunRun2010\MyStyles.css --> ftp.niceguyjim.com /Record/PetFunRun2010 MyStyles.css
116.03.24 22:06 B C:\Users\Bob\my documents\ares\renfrew county\Web_new_2016\Record\PetFunRun2010\PetFamRun.htm --> ftp.niceguyjim.com /Record/PetFunRun2010 PetFamRun.htm
