107.11.09 12:45 B C:\Documents and Settings\Robert Howard\My Documents\ARES\Renfrew Co\Web\Record\Warrior07\Petawawa1.jpg --> www.technifest.com /web/Record/Warrior07 Petawawa1.jpg
107.11.09 12:45 B C:\Documents and Settings\Robert Howard\My Documents\ARES\Renfrew Co\Web\Record\Warrior07\Petawawa2.jpg --> www.technifest.com /web/Record/Warrior07 Petawawa2.jpg
107.11.09 12:45 B C:\Documents and Settings\Robert Howard\My Documents\ARES\Renfrew Co\Web\Record\Warrior07\Petawawa3.jpg --> www.technifest.com /web/Record/Warrior07 Petawawa3.jpg
107.11.09 12:45 B C:\Documents and Settings\Robert Howard\My Documents\ARES\Renfrew Co\Web\Record\Warrior07\Petawawa4.jpg --> www.technifest.com /web/Record/Warrior07 Petawawa4.jpg
107.11.09 12:45 B C:\Documents and Settings\Robert Howard\My Documents\ARES\Renfrew Co\Web\Record\Warrior07\Petawawa5.jpg --> www.technifest.com /web/Record/Warrior07 Petawawa5.jpg
107.11.09 12:45 B C:\Documents and Settings\Robert Howard\My Documents\ARES\Renfrew Co\Web\Record\Warrior07\Swisha1.JPG --> www.technifest.com /web/Record/Warrior07 Swisha1.JPG
107.11.09 12:45 B C:\Documents and Settings\Robert Howard\My Documents\ARES\Renfrew Co\Web\Record\Warrior07\Swisha2.JPG --> www.technifest.com /web/Record/Warrior07 Swisha2.JPG
107.11.09 12:46 B C:\Documents and Settings\Robert Howard\My Documents\ARES\Renfrew Co\Web\Record\Warrior07\Swisha3.JPG --> www.technifest.com /web/Record/Warrior07 Swisha3.JPG
107.11.09 12:46 B C:\Documents and Settings\Robert Howard\My Documents\ARES\Renfrew Co\Web\Record\Warrior07\Swisha4.JPG --> www.technifest.com /web/Record/Warrior07 Swisha4.JPG
107.11.09 12:46 B C:\Documents and Settings\Robert Howard\My Documents\ARES\Renfrew Co\Web\Record\Warrior07\Swisha5.JPG --> www.technifest.com /web/Record/Warrior07 Swisha5.JPG
107.11.09 12:46 B C:\Documents and Settings\Robert Howard\My Documents\ARES\Renfrew Co\Web\Record\Warrior07\Swisha6.JPG --> www.technifest.com /web/Record/Warrior07 Swisha6.JPG
107.11.09 12:48 B C:\Documents and Settings\Robert Howard\My Documents\ARES\Renfrew Co\Web\Record\Warrior07\Warrior07.html --> www.technifest.com /web/Record/Warrior07 Warrior07.html
107.11.09 12:53 B C:\Documents and Settings\Robert Howard\My Documents\ARES\Renfrew Co\Web\Record\Warrior07\Warrior07.html --> www.technifest.com /web/Record/Warrior07 Warrior07.html
107.11.09 12:56 B C:\Documents and Settings\Robert Howard\My Documents\ARES\Renfrew Co\Web\Record\Warrior07\Warrior07.html --> www.technifest.com /web/Record/Warrior07 Warrior07.html
107.11.09 13:24 B C:\Documents and Settings\Robert Howard\My Documents\ARES\Renfrew Co\Web\Record\Warrior07\Warrior07.html --> www.technifest.com /web/Record/Warrior07 Warrior07.html
107.11.09 13:28 B C:\Documents and Settings\Robert Howard\My Documents\ARES\Renfrew Co\Web\Record\Warrior07\Warrior07.html --> www.technifest.com /web/Record/Warrior07 Warrior07.html
107.11.09 14:02 B C:\Documents and Settings\Robert Howard\My Documents\ARES\Renfrew Co\Web\Record\Warrior07\Warrior07.html --> www.technifest.com /web/Record/Warrior07 Warrior07.html
110.10.12 17:02 B C:\my documents\ares\renfrew county\web\Record\Warrior07\Warrior07.html --> www.technifest.com /web/Record/Warrior07 Warrior07.html
112.10.26 10:42 B C:\my documents\ares\renfrew county\web\Record\Warrior07\Petawawa1.jpg --> www.technifest.com /Record/Warrior07 Petawawa1.jpg
112.10.26 10:42 B C:\my documents\ares\renfrew county\web\Record\Warrior07\Petawawa2.jpg --> www.technifest.com /Record/Warrior07 Petawawa2.jpg
112.10.26 10:42 B C:\my documents\ares\renfrew county\web\Record\Warrior07\Petawawa3.jpg --> www.technifest.com /Record/Warrior07 Petawawa3.jpg
112.10.26 10:42 B C:\my documents\ares\renfrew county\web\Record\Warrior07\Petawawa4.jpg --> www.technifest.com /Record/Warrior07 Petawawa4.jpg
112.10.26 10:42 B C:\my documents\ares\renfrew county\web\Record\Warrior07\Petawawa5.jpg --> www.technifest.com /Record/Warrior07 Petawawa5.jpg
112.10.26 10:42 B C:\my documents\ares\renfrew county\web\Record\Warrior07\Swisha1.JPG --> www.technifest.com /Record/Warrior07 Swisha1.JPG
112.10.26 10:42 B C:\my documents\ares\renfrew county\web\Record\Warrior07\Swisha2.JPG --> www.technifest.com /Record/Warrior07 Swisha2.JPG
112.10.26 10:42 B C:\my documents\ares\renfrew county\web\Record\Warrior07\Swisha3.JPG --> www.technifest.com /Record/Warrior07 Swisha3.JPG
112.10.26 10:42 B C:\my documents\ares\renfrew county\web\Record\Warrior07\Swisha4.JPG --> www.technifest.com /Record/Warrior07 Swisha4.JPG
112.10.26 10:42 B C:\my documents\ares\renfrew county\web\Record\Warrior07\Swisha5.JPG --> www.technifest.com /Record/Warrior07 Swisha5.JPG
112.10.26 10:42 B C:\my documents\ares\renfrew county\web\Record\Warrior07\Swisha6.JPG --> www.technifest.com /Record/Warrior07 Swisha6.JPG
112.10.26 10:42 B C:\my documents\ares\renfrew county\web\Record\Warrior07\Thumbs.db --> www.technifest.com /Record/Warrior07 Thumbs.db
112.10.26 10:42 B C:\my documents\ares\renfrew county\web\Record\Warrior07\Warrior07.html --> www.technifest.com /Record/Warrior07 Warrior07.html
112.10.26 10:42 B C:\my documents\ares\renfrew county\web\Record\Warrior07\WS_FTP.LOG --> www.technifest.com /Record/Warrior07 WS_FTP.LOG
116.03.24 22:06 B C:\Users\Bob\my documents\ares\renfrew county\Web_new_2016\Record\Warrior07\Petawawa1.jpg --> ftp.niceguyjim.com /Record/Warrior07 Petawawa1.jpg
116.03.24 22:06 B C:\Users\Bob\my documents\ares\renfrew county\Web_new_2016\Record\Warrior07\Petawawa2.jpg --> ftp.niceguyjim.com /Record/Warrior07 Petawawa2.jpg
116.03.24 22:06 B C:\Users\Bob\my documents\ares\renfrew county\Web_new_2016\Record\Warrior07\Petawawa3.jpg --> ftp.niceguyjim.com /Record/Warrior07 Petawawa3.jpg
116.03.24 22:06 B C:\Users\Bob\my documents\ares\renfrew county\Web_new_2016\Record\Warrior07\Petawawa4.jpg --> ftp.niceguyjim.com /Record/Warrior07 Petawawa4.jpg
116.03.24 22:06 B C:\Users\Bob\my documents\ares\renfrew county\Web_new_2016\Record\Warrior07\Petawawa5.jpg --> ftp.niceguyjim.com /Record/Warrior07 Petawawa5.jpg
116.03.24 22:06 B C:\Users\Bob\my documents\ares\renfrew county\Web_new_2016\Record\Warrior07\Swisha1.JPG --> ftp.niceguyjim.com /Record/Warrior07 Swisha1.JPG
116.03.24 22:06 B C:\Users\Bob\my documents\ares\renfrew county\Web_new_2016\Record\Warrior07\Swisha2.JPG --> ftp.niceguyjim.com /Record/Warrior07 Swisha2.JPG
116.03.24 22:06 B C:\Users\Bob\my documents\ares\renfrew county\Web_new_2016\Record\Warrior07\Swisha3.JPG --> ftp.niceguyjim.com /Record/Warrior07 Swisha3.JPG
116.03.24 22:06 B C:\Users\Bob\my documents\ares\renfrew county\Web_new_2016\Record\Warrior07\Swisha4.JPG --> ftp.niceguyjim.com /Record/Warrior07 Swisha4.JPG
116.03.24 22:06 B C:\Users\Bob\my documents\ares\renfrew county\Web_new_2016\Record\Warrior07\Swisha5.JPG --> ftp.niceguyjim.com /Record/Warrior07 Swisha5.JPG
116.03.24 22:06 B C:\Users\Bob\my documents\ares\renfrew county\Web_new_2016\Record\Warrior07\Swisha6.JPG --> ftp.niceguyjim.com /Record/Warrior07 Swisha6.JPG
116.03.24 22:06 B C:\Users\Bob\my documents\ares\renfrew county\Web_new_2016\Record\Warrior07\Thumbs.db --> ftp.niceguyjim.com /Record/Warrior07 Thumbs.db
116.03.24 22:06 B C:\Users\Bob\my documents\ares\renfrew county\Web_new_2016\Record\Warrior07\Warrior07.html --> ftp.niceguyjim.com /Record/Warrior07 Warrior07.html
