107.11.02 17:12 B C:\Documents and Settings\Robert Howard\My Documents\ARES\Renfrew Co\Web\Record\Halloween\HALLOW1A.JPG --> www.technifest.com /web/Record/Halloween HALLOW1A.JPG
107.11.02 17:13 B C:\Documents and Settings\Robert Howard\My Documents\ARES\Renfrew Co\Web\Record\Halloween\HALLOW1B.JPG --> www.technifest.com /web/Record/Halloween HALLOW1B.JPG
107.11.02 17:13 B C:\Documents and Settings\Robert Howard\My Documents\ARES\Renfrew Co\Web\Record\Halloween\HALLOW1C.JPG --> www.technifest.com /web/Record/Halloween HALLOW1C.JPG
107.11.02 17:13 B C:\Documents and Settings\Robert Howard\My Documents\ARES\Renfrew Co\Web\Record\Halloween\Halloween07.html --> www.technifest.com /web/Record/Halloween Halloween07.html
107.11.02 17:14 B C:\Documents and Settings\Robert Howard\My Documents\ARES\Renfrew Co\Web\Record\Halloween\halloween2_s.jpg --> www.technifest.com /web/Record/Halloween halloween2_s.jpg
107.11.02 17:16 B C:\Documents and Settings\Robert Howard\My Documents\ARES\Renfrew Co\Web\Record\Halloween\halloween3_s.jpg --> www.technifest.com /web/Record/Halloween halloween3_s.jpg
107.11.02 17:29 B C:\Documents and Settings\Robert Howard\My Documents\ARES\Renfrew Co\Web\Record\Halloween\Halloween07.html --> www.technifest.com /web/Record/Halloween Halloween07.html
107.11.02 17:34 B C:\Documents and Settings\Robert Howard\My Documents\ARES\Renfrew Co\Web\Record\Halloween\Halloween07.html --> www.technifest.com /web/Record/Halloween Halloween07.html
107.11.02 19:40 B C:\Documents and Settings\Robert Howard\My Documents\ARES\Renfrew Co\Web\Record\Halloween\Halloween07.html --> www.technifest.com /web/Record/Halloween Halloween07.html
107.11.02 19:44 B C:\Documents and Settings\Robert Howard\My Documents\ARES\Renfrew Co\Web\Record\Halloween\Halloween07.html --> www.technifest.com /web/Record/Halloween Halloween07.html
107.11.02 19:53 B C:\Documents and Settings\Robert Howard\My Documents\ARES\Renfrew Co\Web\Record\Halloween\Halloween07.html --> www.technifest.com /web/Record/Halloween Halloween07.html
107.11.02 19:58 B C:\Documents and Settings\Robert Howard\My Documents\ARES\Renfrew Co\Web\Record\Halloween\Halloween07.html --> www.technifest.com /web/Record/Halloween Halloween07.html
107.11.03 20:10 B C:\Documents and Settings\Robert Howard\My Documents\ARES\Renfrew Co\Web\Record\Halloween\Halloween07.html --> www.technifest.com /web/Record/Halloween Halloween07.html
107.11.09 10:37 B C:\Documents and Settings\Robert Howard\My Documents\ARES\Renfrew Co\Web\Record\Halloween\Halloween07.html --> www.technifest.com /web/Record/Halloween Halloween07.html
107.11.09 13:47 B C:\Documents and Settings\Robert Howard\My Documents\ARES\Renfrew Co\Web\Record\Halloween\Halloween07.html --> www.technifest.com /web/Record/Halloween Halloween07.html
110.10.12 17:01 B C:\my documents\ares\renfrew county\web\Record\Halloween\Halloween07.html --> www.technifest.com /web/Record/Halloween Halloween07.html
112.10.26 10:40 B C:\my documents\ares\renfrew county\web\Record\Halloween\HALLOW1A.JPG --> www.technifest.com /Record/Halloween HALLOW1A.JPG
112.10.26 10:40 B C:\my documents\ares\renfrew county\web\Record\Halloween\HALLOW1B.JPG --> www.technifest.com /Record/Halloween HALLOW1B.JPG
112.10.26 10:40 B C:\my documents\ares\renfrew county\web\Record\Halloween\HALLOW1C.JPG --> www.technifest.com /Record/Halloween HALLOW1C.JPG
112.10.26 10:40 B C:\my documents\ares\renfrew county\web\Record\Halloween\Halloween07.html --> www.technifest.com /Record/Halloween Halloween07.html
112.10.26 10:40 B C:\my documents\ares\renfrew county\web\Record\Halloween\halloween2_s.jpg --> www.technifest.com /Record/Halloween halloween2_s.jpg
112.10.26 10:40 B C:\my documents\ares\renfrew county\web\Record\Halloween\halloween3_s.jpg --> www.technifest.com /Record/Halloween halloween3_s.jpg
112.10.26 10:40 B C:\my documents\ares\renfrew county\web\Record\Halloween\made-with-Nvu-t.png --> www.technifest.com /Record/Halloween made-with-Nvu-t.png
112.10.26 10:40 B C:\my documents\ares\renfrew county\web\Record\Halloween\WS_FTP.LOG --> www.technifest.com /Record/Halloween WS_FTP.LOG
116.03.24 22:04 B C:\Users\Bob\my documents\ares\renfrew county\Web_new_2016\Record\Halloween\HALLOW1A.JPG --> ftp.niceguyjim.com /Record/Halloween HALLOW1A.JPG
116.03.24 22:04 B C:\Users\Bob\my documents\ares\renfrew county\Web_new_2016\Record\Halloween\HALLOW1B.JPG --> ftp.niceguyjim.com /Record/Halloween HALLOW1B.JPG
116.03.24 22:04 B C:\Users\Bob\my documents\ares\renfrew county\Web_new_2016\Record\Halloween\HALLOW1C.JPG --> ftp.niceguyjim.com /Record/Halloween HALLOW1C.JPG
116.03.24 22:04 B C:\Users\Bob\my documents\ares\renfrew county\Web_new_2016\Record\Halloween\Halloween07.html --> ftp.niceguyjim.com /Record/Halloween Halloween07.html
116.03.24 22:04 B C:\Users\Bob\my documents\ares\renfrew county\Web_new_2016\Record\Halloween\halloween2_s.jpg --> ftp.niceguyjim.com /Record/Halloween halloween2_s.jpg
116.03.24 22:04 B C:\Users\Bob\my documents\ares\renfrew county\Web_new_2016\Record\Halloween\halloween3_s.jpg --> ftp.niceguyjim.com /Record/Halloween halloween3_s.jpg
116.03.24 22:04 B C:\Users\Bob\my documents\ares\renfrew county\Web_new_2016\Record\Halloween\made-with-Nvu-t.png --> ftp.niceguyjim.com /Record/Halloween made-with-Nvu-t.png
