106.12.10 19:56 B C:\Documents and Settings\Robert Howard\My Documents\ARES\Renfrew Co\Web\ARESPics\Paddlequest2004\IMG_2360.JPG <-- ARES /web/ARESPics/Paddlequest2004 IMG_2360.JPG
106.12.10 19:56 B C:\Documents and Settings\Robert Howard\My Documents\ARES\Renfrew Co\Web\ARESPics\Paddlequest2004\IMG_2361.JPG <-- ARES /web/ARESPics/Paddlequest2004 IMG_2361.JPG
106.12.10 19:56 B C:\Documents and Settings\Robert Howard\My Documents\ARES\Renfrew Co\Web\ARESPics\Paddlequest2004\IMG_2365.JPG <-- ARES /web/ARESPics/Paddlequest2004 IMG_2365.JPG
106.12.10 19:56 B C:\Documents and Settings\Robert Howard\My Documents\ARES\Renfrew Co\Web\ARESPics\Paddlequest2004\IMG_2366.JPG <-- ARES /web/ARESPics/Paddlequest2004 IMG_2366.JPG
106.12.10 19:56 B C:\Documents and Settings\Robert Howard\My Documents\ARES\Renfrew Co\Web\ARESPics\Paddlequest2004\IMG_2367.JPG <-- ARES /web/ARESPics/Paddlequest2004 IMG_2367.JPG
106.12.10 19:56 B C:\Documents and Settings\Robert Howard\My Documents\ARES\Renfrew Co\Web\ARESPics\Paddlequest2004\IMG_2370.JPG <-- ARES /web/ARESPics/Paddlequest2004 IMG_2370.JPG
106.12.10 19:56 B C:\Documents and Settings\Robert Howard\My Documents\ARES\Renfrew Co\Web\ARESPics\Paddlequest2004\IMG_2372.JPG <-- ARES /web/ARESPics/Paddlequest2004 IMG_2372.JPG
106.12.10 19:56 B C:\Documents and Settings\Robert Howard\My Documents\ARES\Renfrew Co\Web\ARESPics\Paddlequest2004\IMG_2373.JPG <-- ARES /web/ARESPics/Paddlequest2004 IMG_2373.JPG
106.12.10 19:56 B C:\Documents and Settings\Robert Howard\My Documents\ARES\Renfrew Co\Web\ARESPics\Paddlequest2004\IMG_2374.JPG <-- ARES /web/ARESPics/Paddlequest2004 IMG_2374.JPG
106.12.10 19:56 B C:\Documents and Settings\Robert Howard\My Documents\ARES\Renfrew Co\Web\ARESPics\Paddlequest2004\IMG_2375.JPG <-- ARES /web/ARESPics/Paddlequest2004 IMG_2375.JPG
106.12.10 19:56 B C:\Documents and Settings\Robert Howard\My Documents\ARES\Renfrew Co\Web\ARESPics\Paddlequest2004\IMG_2376.JPG <-- ARES /web/ARESPics/Paddlequest2004 IMG_2376.JPG
106.12.10 19:56 B C:\Documents and Settings\Robert Howard\My Documents\ARES\Renfrew Co\Web\ARESPics\Paddlequest2004\IMG_2377.JPG <-- ARES /web/ARESPics/Paddlequest2004 IMG_2377.JPG
106.12.10 19:56 B C:\Documents and Settings\Robert Howard\My Documents\ARES\Renfrew Co\Web\ARESPics\Paddlequest2004\IMG_2378.JPG <-- ARES /web/ARESPics/Paddlequest2004 IMG_2378.JPG
106.12.10 19:56 B C:\Documents and Settings\Robert Howard\My Documents\ARES\Renfrew Co\Web\ARESPics\Paddlequest2004\IMG_2379.JPG <-- ARES /web/ARESPics/Paddlequest2004 IMG_2379.JPG
106.12.10 19:56 B C:\Documents and Settings\Robert Howard\My Documents\ARES\Renfrew Co\Web\ARESPics\Paddlequest2004\IMG_2380.JPG <-- ARES /web/ARESPics/Paddlequest2004 IMG_2380.JPG
106.12.10 19:56 B C:\Documents and Settings\Robert Howard\My Documents\ARES\Renfrew Co\Web\ARESPics\Paddlequest2004\IMG_2381.JPG <-- ARES /web/ARESPics/Paddlequest2004 IMG_2381.JPG
106.12.10 19:56 B C:\Documents and Settings\Robert Howard\My Documents\ARES\Renfrew Co\Web\ARESPics\Paddlequest2004\IMG_2382.JPG <-- ARES /web/ARESPics/Paddlequest2004 IMG_2382.JPG
106.12.10 19:56 B C:\Documents and Settings\Robert Howard\My Documents\ARES\Renfrew Co\Web\ARESPics\Paddlequest2004\IMG_2383.JPG <-- ARES /web/ARESPics/Paddlequest2004 IMG_2383.JPG
106.12.10 19:56 B C:\Documents and Settings\Robert Howard\My Documents\ARES\Renfrew Co\Web\ARESPics\Paddlequest2004\IMG_2385.JPG <-- ARES /web/ARESPics/Paddlequest2004 IMG_2385.JPG
106.12.10 19:57 B C:\Documents and Settings\Robert Howard\My Documents\ARES\Renfrew Co\Web\ARESPics\Paddlequest2004\IMG_2386.JPG <-- ARES /web/ARESPics/Paddlequest2004 IMG_2386.JPG
106.12.10 19:57 B C:\Documents and Settings\Robert Howard\My Documents\ARES\Renfrew Co\Web\ARESPics\Paddlequest2004\IMG_2387.JPG <-- ARES /web/ARESPics/Paddlequest2004 IMG_2387.JPG
106.12.10 19:57 B C:\Documents and Settings\Robert Howard\My Documents\ARES\Renfrew Co\Web\ARESPics\Paddlequest2004\IMG_2388.JPG <-- ARES /web/ARESPics/Paddlequest2004 IMG_2388.JPG
106.12.10 19:57 B C:\Documents and Settings\Robert Howard\My Documents\ARES\Renfrew Co\Web\ARESPics\Paddlequest2004\IMG_2391.JPG <-- ARES /web/ARESPics/Paddlequest2004 IMG_2391.JPG
106.12.10 19:57 B C:\Documents and Settings\Robert Howard\My Documents\ARES\Renfrew Co\Web\ARESPics\Paddlequest2004\IMG_2392.JPG <-- ARES /web/ARESPics/Paddlequest2004 IMG_2392.JPG
106.12.10 19:57 B C:\Documents and Settings\Robert Howard\My Documents\ARES\Renfrew Co\Web\ARESPics\Paddlequest2004\IMG_2396.JPG <-- ARES /web/ARESPics/Paddlequest2004 IMG_2396.JPG
106.12.10 19:57 B C:\Documents and Settings\Robert Howard\My Documents\ARES\Renfrew Co\Web\ARESPics\Paddlequest2004\IMG_2397.JPG <-- ARES /web/ARESPics/Paddlequest2004 IMG_2397.JPG
106.12.10 19:57 B C:\Documents and Settings\Robert Howard\My Documents\ARES\Renfrew Co\Web\ARESPics\Paddlequest2004\IMG_2399.JPG <-- ARES /web/ARESPics/Paddlequest2004 IMG_2399.JPG
106.12.10 19:57 B C:\Documents and Settings\Robert Howard\My Documents\ARES\Renfrew Co\Web\ARESPics\Paddlequest2004\IMG_2400.JPG <-- ARES /web/ARESPics/Paddlequest2004 IMG_2400.JPG
106.12.10 19:57 B C:\Documents and Settings\Robert Howard\My Documents\ARES\Renfrew Co\Web\ARESPics\Paddlequest2004\IMG_2406.JPG <-- ARES /web/ARESPics/Paddlequest2004 IMG_2406.JPG
106.12.10 19:57 B C:\Documents and Settings\Robert Howard\My Documents\ARES\Renfrew Co\Web\ARESPics\Paddlequest2004\IMG_2408.JPG <-- ARES /web/ARESPics/Paddlequest2004 IMG_2408.JPG
106.12.10 19:57 B C:\Documents and Settings\Robert Howard\My Documents\ARES\Renfrew Co\Web\ARESPics\Paddlequest2004\IMG_2411.JPG <-- ARES /web/ARESPics/Paddlequest2004 IMG_2411.JPG
106.12.10 19:57 B C:\Documents and Settings\Robert Howard\My Documents\ARES\Renfrew Co\Web\ARESPics\Paddlequest2004\IMG_2413.JPG <-- ARES /web/ARESPics/Paddlequest2004 IMG_2413.JPG
106.12.10 19:57 B C:\Documents and Settings\Robert Howard\My Documents\ARES\Renfrew Co\Web\ARESPics\Paddlequest2004\IMG_2416.JPG <-- ARES /web/ARESPics/Paddlequest2004 IMG_2416.JPG
106.12.10 19:57 B C:\Documents and Settings\Robert Howard\My Documents\ARES\Renfrew Co\Web\ARESPics\Paddlequest2004\IMG_2417.JPG <-- ARES /web/ARESPics/Paddlequest2004 IMG_2417.JPG
106.12.10 19:57 B C:\Documents and Settings\Robert Howard\My Documents\ARES\Renfrew Co\Web\ARESPics\Paddlequest2004\PQ.gif <-- ARES /web/ARESPics/Paddlequest2004 PQ.gif
106.12.10 19:57 B C:\Documents and Settings\Robert Howard\My Documents\ARES\Renfrew Co\Web\ARESPics\Paddlequest2004\PQ_Reg_Form.pdf <-- ARES /web/ARESPics/Paddlequest2004 PQ_Reg_Form.pdf
116.03.24 22:11 B C:\Users\Bob\my documents\ares\renfrew county\Web_new_2016\ARESPics\Paddlequest2004\IMG_2360.JPG --> ftp.niceguyjim.com /ARESPics/Paddlequest2004 IMG_2360.JPG
116.03.24 22:11 B C:\Users\Bob\my documents\ares\renfrew county\Web_new_2016\ARESPics\Paddlequest2004\IMG_2361.JPG --> ftp.niceguyjim.com /ARESPics/Paddlequest2004 IMG_2361.JPG
116.03.24 22:11 B C:\Users\Bob\my documents\ares\renfrew county\Web_new_2016\ARESPics\Paddlequest2004\IMG_2365.JPG --> ftp.niceguyjim.com /ARESPics/Paddlequest2004 IMG_2365.JPG
116.03.24 22:11 B C:\Users\Bob\my documents\ares\renfrew county\Web_new_2016\ARESPics\Paddlequest2004\IMG_2366.JPG --> ftp.niceguyjim.com /ARESPics/Paddlequest2004 IMG_2366.JPG
116.03.24 22:11 B C:\Users\Bob\my documents\ares\renfrew county\Web_new_2016\ARESPics\Paddlequest2004\IMG_2367.JPG --> ftp.niceguyjim.com /ARESPics/Paddlequest2004 IMG_2367.JPG
116.03.24 22:11 B C:\Users\Bob\my documents\ares\renfrew county\Web_new_2016\ARESPics\Paddlequest2004\IMG_2370.JPG --> ftp.niceguyjim.com /ARESPics/Paddlequest2004 IMG_2370.JPG
116.03.24 22:11 B C:\Users\Bob\my documents\ares\renfrew county\Web_new_2016\ARESPics\Paddlequest2004\IMG_2372.JPG --> ftp.niceguyjim.com /ARESPics/Paddlequest2004 IMG_2372.JPG
116.03.24 22:11 B C:\Users\Bob\my documents\ares\renfrew county\Web_new_2016\ARESPics\Paddlequest2004\IMG_2373.JPG --> ftp.niceguyjim.com /ARESPics/Paddlequest2004 IMG_2373.JPG
116.03.24 22:11 B C:\Users\Bob\my documents\ares\renfrew county\Web_new_2016\ARESPics\Paddlequest2004\IMG_2374.JPG --> ftp.niceguyjim.com /ARESPics/Paddlequest2004 IMG_2374.JPG
116.03.24 22:11 B C:\Users\Bob\my documents\ares\renfrew county\Web_new_2016\ARESPics\Paddlequest2004\IMG_2375.JPG --> ftp.niceguyjim.com /ARESPics/Paddlequest2004 IMG_2375.JPG
116.03.24 22:11 B C:\Users\Bob\my documents\ares\renfrew county\Web_new_2016\ARESPics\Paddlequest2004\IMG_2376.JPG --> ftp.niceguyjim.com /ARESPics/Paddlequest2004 IMG_2376.JPG
116.03.24 22:11 B C:\Users\Bob\my documents\ares\renfrew county\Web_new_2016\ARESPics\Paddlequest2004\IMG_2377.JPG --> ftp.niceguyjim.com /ARESPics/Paddlequest2004 IMG_2377.JPG
116.03.24 22:11 B C:\Users\Bob\my documents\ares\renfrew county\Web_new_2016\ARESPics\Paddlequest2004\IMG_2378.JPG --> ftp.niceguyjim.com /ARESPics/Paddlequest2004 IMG_2378.JPG
116.03.24 22:11 B C:\Users\Bob\my documents\ares\renfrew county\Web_new_2016\ARESPics\Paddlequest2004\IMG_2379.JPG --> ftp.niceguyjim.com /ARESPics/Paddlequest2004 IMG_2379.JPG
116.03.24 22:11 B C:\Users\Bob\my documents\ares\renfrew county\Web_new_2016\ARESPics\Paddlequest2004\IMG_2380.JPG --> ftp.niceguyjim.com /ARESPics/Paddlequest2004 IMG_2380.JPG
116.03.24 22:11 B C:\Users\Bob\my documents\ares\renfrew county\Web_new_2016\ARESPics\Paddlequest2004\IMG_2381.JPG --> ftp.niceguyjim.com /ARESPics/Paddlequest2004 IMG_2381.JPG
116.03.24 22:11 B C:\Users\Bob\my documents\ares\renfrew county\Web_new_2016\ARESPics\Paddlequest2004\IMG_2382.JPG --> ftp.niceguyjim.com /ARESPics/Paddlequest2004 IMG_2382.JPG
116.03.24 22:11 B C:\Users\Bob\my documents\ares\renfrew county\Web_new_2016\ARESPics\Paddlequest2004\IMG_2383.JPG --> ftp.niceguyjim.com /ARESPics/Paddlequest2004 IMG_2383.JPG
116.03.24 22:11 B C:\Users\Bob\my documents\ares\renfrew county\Web_new_2016\ARESPics\Paddlequest2004\IMG_2385.JPG --> ftp.niceguyjim.com /ARESPics/Paddlequest2004 IMG_2385.JPG
116.03.24 22:11 B C:\Users\Bob\my documents\ares\renfrew county\Web_new_2016\ARESPics\Paddlequest2004\IMG_2386.JPG --> ftp.niceguyjim.com /ARESPics/Paddlequest2004 IMG_2386.JPG
116.03.24 22:11 B C:\Users\Bob\my documents\ares\renfrew county\Web_new_2016\ARESPics\Paddlequest2004\IMG_2387.JPG --> ftp.niceguyjim.com /ARESPics/Paddlequest2004 IMG_2387.JPG
116.03.24 22:11 B C:\Users\Bob\my documents\ares\renfrew county\Web_new_2016\ARESPics\Paddlequest2004\IMG_2388.JPG --> ftp.niceguyjim.com /ARESPics/Paddlequest2004 IMG_2388.JPG
116.03.24 22:11 B C:\Users\Bob\my documents\ares\renfrew county\Web_new_2016\ARESPics\Paddlequest2004\IMG_2391.JPG --> ftp.niceguyjim.com /ARESPics/Paddlequest2004 IMG_2391.JPG
116.03.24 22:11 B C:\Users\Bob\my documents\ares\renfrew county\Web_new_2016\ARESPics\Paddlequest2004\IMG_2392.JPG --> ftp.niceguyjim.com /ARESPics/Paddlequest2004 IMG_2392.JPG
116.03.24 22:12 B C:\Users\Bob\my documents\ares\renfrew county\Web_new_2016\ARESPics\Paddlequest2004\IMG_2396.JPG --> ftp.niceguyjim.com /ARESPics/Paddlequest2004 IMG_2396.JPG
116.03.24 22:12 B C:\Users\Bob\my documents\ares\renfrew county\Web_new_2016\ARESPics\Paddlequest2004\IMG_2397.JPG --> ftp.niceguyjim.com /ARESPics/Paddlequest2004 IMG_2397.JPG
116.03.24 22:12 B C:\Users\Bob\my documents\ares\renfrew county\Web_new_2016\ARESPics\Paddlequest2004\IMG_2399.JPG --> ftp.niceguyjim.com /ARESPics/Paddlequest2004 IMG_2399.JPG
116.03.24 22:12 B C:\Users\Bob\my documents\ares\renfrew county\Web_new_2016\ARESPics\Paddlequest2004\IMG_2400.JPG --> ftp.niceguyjim.com /ARESPics/Paddlequest2004 IMG_2400.JPG
116.03.24 22:12 B C:\Users\Bob\my documents\ares\renfrew county\Web_new_2016\ARESPics\Paddlequest2004\IMG_2406.JPG --> ftp.niceguyjim.com /ARESPics/Paddlequest2004 IMG_2406.JPG
116.03.24 22:12 B C:\Users\Bob\my documents\ares\renfrew county\Web_new_2016\ARESPics\Paddlequest2004\IMG_2408.JPG --> ftp.niceguyjim.com /ARESPics/Paddlequest2004 IMG_2408.JPG
116.03.24 22:12 B C:\Users\Bob\my documents\ares\renfrew county\Web_new_2016\ARESPics\Paddlequest2004\IMG_2411.JPG --> ftp.niceguyjim.com /ARESPics/Paddlequest2004 IMG_2411.JPG
116.03.24 22:12 B C:\Users\Bob\my documents\ares\renfrew county\Web_new_2016\ARESPics\Paddlequest2004\IMG_2413.JPG --> ftp.niceguyjim.com /ARESPics/Paddlequest2004 IMG_2413.JPG
116.03.24 22:12 B C:\Users\Bob\my documents\ares\renfrew county\Web_new_2016\ARESPics\Paddlequest2004\IMG_2416.JPG --> ftp.niceguyjim.com /ARESPics/Paddlequest2004 IMG_2416.JPG
116.03.24 22:12 B C:\Users\Bob\my documents\ares\renfrew county\Web_new_2016\ARESPics\Paddlequest2004\IMG_2417.JPG --> ftp.niceguyjim.com /ARESPics/Paddlequest2004 IMG_2417.JPG
116.03.24 22:12 B C:\Users\Bob\my documents\ares\renfrew county\Web_new_2016\ARESPics\Paddlequest2004\PQ.gif --> ftp.niceguyjim.com /ARESPics/Paddlequest2004 PQ.gif
116.03.24 22:12 B C:\Users\Bob\my documents\ares\renfrew county\Web_new_2016\ARESPics\Paddlequest2004\PQ_Reg_Form.pdf --> ftp.niceguyjim.com /ARESPics/Paddlequest2004 PQ_Reg_Form.pdf
