108.07.11 11:54 B C:\Documents and Settings\Robert Howard\My Documents\ARES\Renfrew Co\Web\Record\Paddlequest2008\Aboatcrew.jpg --> www.technifest.com /web/Record/Paddlequest2008 Aboatcrew.jpg
108.07.11 11:54 B C:\Documents and Settings\Robert Howard\My Documents\ARES\Renfrew Co\Web\Record\Paddlequest2008\Assault.jpg --> www.technifest.com /web/Record/Paddlequest2008 Assault.jpg
108.07.11 11:54 B C:\Documents and Settings\Robert Howard\My Documents\ARES\Renfrew Co\Web\Record\Paddlequest2008\Balloons.jpg --> www.technifest.com /web/Record/Paddlequest2008 Balloons.jpg
108.07.11 11:54 B C:\Documents and Settings\Robert Howard\My Documents\ARES\Renfrew Co\Web\Record\Paddlequest2008\BaseFire.jpg --> www.technifest.com /web/Record/Paddlequest2008 BaseFire.jpg
108.07.11 11:54 B C:\Documents and Settings\Robert Howard\My Documents\ARES\Renfrew Co\Web\Record\Paddlequest2008\boats.jpg --> www.technifest.com /web/Record/Paddlequest2008 boats.jpg
108.07.11 11:54 B C:\Documents and Settings\Robert Howard\My Documents\ARES\Renfrew Co\Web\Record\Paddlequest2008\First Corner.jpg --> www.technifest.com /web/Record/Paddlequest2008 First Corner.jpg
108.07.11 11:55 B C:\Documents and Settings\Robert Howard\My Documents\ARES\Renfrew Co\Web\Record\Paddlequest2008\FredBrief.jpg --> www.technifest.com /web/Record/Paddlequest2008 FredBrief.jpg
108.07.11 11:55 B C:\Documents and Settings\Robert Howard\My Documents\ARES\Renfrew Co\Web\Record\Paddlequest2008\OPPboat.jpg --> www.technifest.com /web/Record/Paddlequest2008 OPPboat.jpg
108.07.11 11:55 B C:\Documents and Settings\Robert Howard\My Documents\ARES\Renfrew Co\Web\Record\Paddlequest2008\Paddlequest2008_800.jpg --> www.technifest.com /web/Record/Paddlequest2008 Paddlequest2008_800.jpg
108.07.11 11:56 B C:\Documents and Settings\Robert Howard\My Documents\ARES\Renfrew Co\Web\Record\Paddlequest2008\PartGroup.jpg --> www.technifest.com /web/Record/Paddlequest2008 PartGroup.jpg
108.07.11 11:56 B C:\Documents and Settings\Robert Howard\My Documents\ARES\Renfrew Co\Web\Record\Paddlequest2008\PemFireBoat.jpg --> www.technifest.com /web/Record/Paddlequest2008 PemFireBoat.jpg
108.07.11 11:56 B C:\Documents and Settings\Robert Howard\My Documents\ARES\Renfrew Co\Web\Record\Paddlequest2008\PQ08ObserverArt.html --> www.technifest.com /web/Record/Paddlequest2008 PQ08ObserverArt.html
108.07.11 11:56 B C:\Documents and Settings\Robert Howard\My Documents\ARES\Renfrew Co\Web\Record\Paddlequest2008\PQ2008.gif --> www.technifest.com /web/Record/Paddlequest2008 PQ2008.gif
108.07.11 11:56 B C:\Documents and Settings\Robert Howard\My Documents\ARES\Renfrew Co\Web\Record\Paddlequest2008\PQ2008.html --> www.technifest.com /web/Record/Paddlequest2008 PQ2008.html
108.07.11 11:56 B C:\Documents and Settings\Robert Howard\My Documents\ARES\Renfrew Co\Web\Record\Paddlequest2008\PQ2008Thumb.jpg --> www.technifest.com /web/Record/Paddlequest2008 PQ2008Thumb.jpg
108.07.11 11:56 B C:\Documents and Settings\Robert Howard\My Documents\ARES\Renfrew Co\Web\Record\Paddlequest2008\start.jpg --> www.technifest.com /web/Record/Paddlequest2008 start.jpg
108.07.11 11:57 B C:\Documents and Settings\Robert Howard\My Documents\ARES\Renfrew Co\Web\Record\Paddlequest2008\Tow.jpg --> www.technifest.com /web/Record/Paddlequest2008 Tow.jpg
108.07.11 11:57 B C:\Documents and Settings\Robert Howard\My Documents\ARES\Renfrew Co\Web\Record\Paddlequest2008\vlead.jpg --> www.technifest.com /web/Record/Paddlequest2008 vlead.jpg
108.07.11 11:57 B C:\Documents and Settings\Robert Howard\My Documents\ARES\Renfrew Co\Web\Record\Paddlequest2008\voyageur.jpg --> www.technifest.com /web/Record/Paddlequest2008 voyageur.jpg
108.07.11 11:57 B C:\Documents and Settings\Robert Howard\My Documents\ARES\Renfrew Co\Web\Record\Paddlequest2008\Zodiacs.jpg --> www.technifest.com /web/Record/Paddlequest2008 Zodiacs.jpg
108.07.11 12:04 B C:\Documents and Settings\Robert Howard\My Documents\ARES\Renfrew Co\Web\Record\Paddlequest2008\PQ08ObserverArt.html --> www.technifest.com /web/Record/Paddlequest2008 PQ08ObserverArt.html
108.08.02 13:31 B C:\Documents and Settings\Robert Howard\My Documents\ARES\Renfrew Co\Web\Record\Paddlequest2008\PQ2008.html --> www.technifest.com /web PQ2008.html
108.08.02 13:33 B C:\Documents and Settings\Robert Howard\My Documents\ARES\Renfrew Co\Web\Record\Paddlequest2008\PQ2008.html --> www.technifest.com /web/Record/Paddlequest2008 PQ2008.html
110.10.12 17:02 B C:\my documents\ares\renfrew county\web\Record\Paddlequest2008\PQ08ObserverArt.html --> www.technifest.com /web/Record/Paddlequest2008 PQ08ObserverArt.html
110.10.12 17:02 B C:\my documents\ares\renfrew county\web\Record\Paddlequest2008\PQ2008.html --> www.technifest.com /web/Record/Paddlequest2008 PQ2008.html
112.10.26 10:40 B C:\my documents\ares\renfrew county\web\Record\Paddlequest2008\Aboatcrew.jpg --> www.technifest.com /Record/Paddlequest2008 Aboatcrew.jpg
112.10.26 10:40 B C:\my documents\ares\renfrew county\web\Record\Paddlequest2008\Assault.jpg --> www.technifest.com /Record/Paddlequest2008 Assault.jpg
112.10.26 10:41 B C:\my documents\ares\renfrew county\web\Record\Paddlequest2008\Balloons.jpg --> www.technifest.com /Record/Paddlequest2008 Balloons.jpg
112.10.26 10:41 B C:\my documents\ares\renfrew county\web\Record\Paddlequest2008\BaseFire.jpg --> www.technifest.com /Record/Paddlequest2008 BaseFire.jpg
112.10.26 10:41 B C:\my documents\ares\renfrew county\web\Record\Paddlequest2008\boats.jpg --> www.technifest.com /Record/Paddlequest2008 boats.jpg
112.10.26 10:41 B C:\my documents\ares\renfrew county\web\Record\Paddlequest2008\First Corner.jpg --> www.technifest.com /Record/Paddlequest2008 First Corner.jpg
112.10.26 10:41 B C:\my documents\ares\renfrew county\web\Record\Paddlequest2008\FredBrief.jpg --> www.technifest.com /Record/Paddlequest2008 FredBrief.jpg
112.10.26 10:41 B C:\my documents\ares\renfrew county\web\Record\Paddlequest2008\OPPboat.jpg --> www.technifest.com /Record/Paddlequest2008 OPPboat.jpg
112.10.26 10:41 B C:\my documents\ares\renfrew county\web\Record\Paddlequest2008\Paddlequest2008_800.jpg --> www.technifest.com /Record/Paddlequest2008 Paddlequest2008_800.jpg
112.10.26 10:41 B C:\my documents\ares\renfrew county\web\Record\Paddlequest2008\PartGroup.jpg --> www.technifest.com /Record/Paddlequest2008 PartGroup.jpg
112.10.26 10:41 B C:\my documents\ares\renfrew county\web\Record\Paddlequest2008\PemFireBoat.jpg --> www.technifest.com /Record/Paddlequest2008 PemFireBoat.jpg
112.10.26 10:41 B C:\my documents\ares\renfrew county\web\Record\Paddlequest2008\PQ08ObserverArt.html --> www.technifest.com /Record/Paddlequest2008 PQ08ObserverArt.html
112.10.26 10:41 B C:\my documents\ares\renfrew county\web\Record\Paddlequest2008\PQ2008.gif --> www.technifest.com /Record/Paddlequest2008 PQ2008.gif
112.10.26 10:41 B C:\my documents\ares\renfrew county\web\Record\Paddlequest2008\PQ2008.html --> www.technifest.com /Record/Paddlequest2008 PQ2008.html
112.10.26 10:41 B C:\my documents\ares\renfrew county\web\Record\Paddlequest2008\PQ2008Thumb.jpg --> www.technifest.com /Record/Paddlequest2008 PQ2008Thumb.jpg
112.10.26 10:41 B C:\my documents\ares\renfrew county\web\Record\Paddlequest2008\start.jpg --> www.technifest.com /Record/Paddlequest2008 start.jpg
112.10.26 10:41 B C:\my documents\ares\renfrew county\web\Record\Paddlequest2008\Tow.jpg --> www.technifest.com /Record/Paddlequest2008 Tow.jpg
112.10.26 10:41 B C:\my documents\ares\renfrew county\web\Record\Paddlequest2008\vlead.jpg --> www.technifest.com /Record/Paddlequest2008 vlead.jpg
112.10.26 10:41 B C:\my documents\ares\renfrew county\web\Record\Paddlequest2008\voyageur.jpg --> www.technifest.com /Record/Paddlequest2008 voyageur.jpg
112.10.26 10:41 B C:\my documents\ares\renfrew county\web\Record\Paddlequest2008\WS_FTP.LOG --> www.technifest.com /Record/Paddlequest2008 WS_FTP.LOG
112.10.26 10:41 B C:\my documents\ares\renfrew county\web\Record\Paddlequest2008\Zodiacs.jpg --> www.technifest.com /Record/Paddlequest2008 Zodiacs.jpg
116.03.24 22:05 B C:\Users\Bob\my documents\ares\renfrew county\Web_new_2016\Record\Paddlequest2008\Aboatcrew.jpg --> ftp.niceguyjim.com /Record/Paddlequest2008 Aboatcrew.jpg
116.03.24 22:05 B C:\Users\Bob\my documents\ares\renfrew county\Web_new_2016\Record\Paddlequest2008\Assault.jpg --> ftp.niceguyjim.com /Record/Paddlequest2008 Assault.jpg
116.03.24 22:05 B C:\Users\Bob\my documents\ares\renfrew county\Web_new_2016\Record\Paddlequest2008\Balloons.jpg --> ftp.niceguyjim.com /Record/Paddlequest2008 Balloons.jpg
116.03.24 22:05 B C:\Users\Bob\my documents\ares\renfrew county\Web_new_2016\Record\Paddlequest2008\BaseFire.jpg --> ftp.niceguyjim.com /Record/Paddlequest2008 BaseFire.jpg
116.03.24 22:05 B C:\Users\Bob\my documents\ares\renfrew county\Web_new_2016\Record\Paddlequest2008\boats.jpg --> ftp.niceguyjim.com /Record/Paddlequest2008 boats.jpg
116.03.24 22:05 B C:\Users\Bob\my documents\ares\renfrew county\Web_new_2016\Record\Paddlequest2008\First Corner.jpg --> ftp.niceguyjim.com /Record/Paddlequest2008 First Corner.jpg
116.03.24 22:05 B C:\Users\Bob\my documents\ares\renfrew county\Web_new_2016\Record\Paddlequest2008\FredBrief.jpg --> ftp.niceguyjim.com /Record/Paddlequest2008 FredBrief.jpg
116.03.24 22:05 B C:\Users\Bob\my documents\ares\renfrew county\Web_new_2016\Record\Paddlequest2008\OPPboat.jpg --> ftp.niceguyjim.com /Record/Paddlequest2008 OPPboat.jpg
116.03.24 22:05 B C:\Users\Bob\my documents\ares\renfrew county\Web_new_2016\Record\Paddlequest2008\Paddlequest2008_800.jpg --> ftp.niceguyjim.com /Record/Paddlequest2008 Paddlequest2008_800.jpg
116.03.24 22:05 B C:\Users\Bob\my documents\ares\renfrew county\Web_new_2016\Record\Paddlequest2008\PartGroup.jpg --> ftp.niceguyjim.com /Record/Paddlequest2008 PartGroup.jpg
116.03.24 22:05 B C:\Users\Bob\my documents\ares\renfrew county\Web_new_2016\Record\Paddlequest2008\PemFireBoat.jpg --> ftp.niceguyjim.com /Record/Paddlequest2008 PemFireBoat.jpg
116.03.24 22:05 B C:\Users\Bob\my documents\ares\renfrew county\Web_new_2016\Record\Paddlequest2008\PQ08ObserverArt.html --> ftp.niceguyjim.com /Record/Paddlequest2008 PQ08ObserverArt.html
116.03.24 22:05 B C:\Users\Bob\my documents\ares\renfrew county\Web_new_2016\Record\Paddlequest2008\PQ2008.gif --> ftp.niceguyjim.com /Record/Paddlequest2008 PQ2008.gif
116.03.24 22:05 B C:\Users\Bob\my documents\ares\renfrew county\Web_new_2016\Record\Paddlequest2008\PQ2008.html --> ftp.niceguyjim.com /Record/Paddlequest2008 PQ2008.html
116.03.24 22:05 B C:\Users\Bob\my documents\ares\renfrew county\Web_new_2016\Record\Paddlequest2008\PQ2008Thumb.jpg --> ftp.niceguyjim.com /Record/Paddlequest2008 PQ2008Thumb.jpg
116.03.24 22:05 B C:\Users\Bob\my documents\ares\renfrew county\Web_new_2016\Record\Paddlequest2008\start.jpg --> ftp.niceguyjim.com /Record/Paddlequest2008 start.jpg
116.03.24 22:05 B C:\Users\Bob\my documents\ares\renfrew county\Web_new_2016\Record\Paddlequest2008\Tow.jpg --> ftp.niceguyjim.com /Record/Paddlequest2008 Tow.jpg
116.03.24 22:05 B C:\Users\Bob\my documents\ares\renfrew county\Web_new_2016\Record\Paddlequest2008\vlead.jpg --> ftp.niceguyjim.com /Record/Paddlequest2008 vlead.jpg
116.03.24 22:05 B C:\Users\Bob\my documents\ares\renfrew county\Web_new_2016\Record\Paddlequest2008\voyageur.jpg --> ftp.niceguyjim.com /Record/Paddlequest2008 voyageur.jpg
