2006.02.19 16:57 B D:\TechniFest\web page\RCARES\Record\Callouts\2002Jul27.htm <-- TechniFest /web/ARES/Record/Callouts 2002Jul27.htm
2006.02.19 16:57 B D:\TechniFest\web page\RCARES\Record\Callouts\2003Aug10.htm <-- TechniFest /web/ARES/Record/Callouts 2003Aug10.htm
2006.02.19 16:57 B D:\TechniFest\web page\RCARES\Record\Callouts\2003Jul24.htm <-- TechniFest /web/ARES/Record/Callouts 2003Jul24.htm
2006.02.19 16:57 B D:\TechniFest\web page\RCARES\Record\Callouts\2004Oct21.htm <-- TechniFest /web/ARES/Record/Callouts 2004Oct21.htm
2006.02.19 16:57 B D:\TechniFest\web page\RCARES\Record\Callouts\woods27.jpg <-- TechniFest /web/ARES/Record/Callouts woods27.jpg
2006.02.19 17:06 B D:\TechniFest\web page\RCARES\Record\Callouts\2002Jul27.htm --> www.technifest.com /.users/135/rcares/web/Record/Callouts 2002Jul27.htm
2006.02.19 17:06 B D:\TechniFest\web page\RCARES\Record\Callouts\2003Aug10.htm --> www.technifest.com /.users/135/rcares/web/Record/Callouts 2003Aug10.htm
2006.02.19 17:06 B D:\TechniFest\web page\RCARES\Record\Callouts\2003Jul24.htm --> www.technifest.com /.users/135/rcares/web/Record/Callouts 2003Jul24.htm
2006.02.19 17:06 B D:\TechniFest\web page\RCARES\Record\Callouts\2004Oct21.htm --> www.technifest.com /.users/135/rcares/web/Record/Callouts 2004Oct21.htm
2006.02.19 17:06 B D:\TechniFest\web page\RCARES\Record\Callouts\woods27.jpg --> www.technifest.com /.users/135/rcares/web/Record/Callouts woods27.jpg
2006.10.23 11:54 B D:\INCOMING\webmod\rcares_web_record\Record\Callouts\WS_FTP.LOG <-- TechniFest /.users/135/rcares/web/Record/Callouts WS_FTP.LOG
2006.10.23 11:55 B D:\INCOMING\webmod\rcares_web_record\Record\Callouts\woods27.jpg <-- TechniFest /.users/135/rcares/web/Record/Callouts woods27.jpg
2006.10.23 11:55 B D:\INCOMING\webmod\rcares_web_record\Record\Callouts\2004Oct21.htm <-- TechniFest /.users/135/rcares/web/Record/Callouts 2004Oct21.htm
2006.10.23 11:55 B D:\INCOMING\webmod\rcares_web_record\Record\Callouts\2003Jul24.htm <-- TechniFest /.users/135/rcares/web/Record/Callouts 2003Jul24.htm
2006.10.23 11:55 B D:\INCOMING\webmod\rcares_web_record\Record\Callouts\2003Aug10.htm <-- TechniFest /.users/135/rcares/web/Record/Callouts 2003Aug10.htm
2006.10.23 11:55 B D:\INCOMING\webmod\rcares_web_record\Record\Callouts\2002Jul27.htm <-- TechniFest /.users/135/rcares/web/Record/Callouts 2002Jul27.htm
2006.10.23 13:50 B D:\INCOMING\webmod\rcares_web_record\Record\Callouts\2002Jul27.htm --> www.technifest.com /web/Record/Callouts 2002Jul27.htm
2006.10.23 13:50 B D:\INCOMING\webmod\rcares_web_record\Record\Callouts\2003Aug10.htm --> www.technifest.com /web/Record/Callouts 2003Aug10.htm
2006.10.23 13:50 B D:\INCOMING\webmod\rcares_web_record\Record\Callouts\2003Jul24.htm --> www.technifest.com /web/Record/Callouts 2003Jul24.htm
2006.10.23 13:50 B D:\INCOMING\webmod\rcares_web_record\Record\Callouts\2004Oct21.htm --> www.technifest.com /web/Record/Callouts 2004Oct21.htm
2006.10.23 13:50 B D:\INCOMING\webmod\rcares_web_record\Record\Callouts\woods27.jpg --> www.technifest.com /web/Record/Callouts woods27.jpg
106.12.10 21:11 B C:\Documents and Settings\Robert Howard\My Documents\ARES\Renfrew Co\Web\Record\Callouts\WS_FTP.LOG <-- ARES /web/Record/Callouts WS_FTP.LOG
106.12.10 21:37 B C:\Documents and Settings\Robert Howard\My Documents\ARES\Renfrew Co\Web\Record\Callouts\2002Jul27.htm --> www.technifest.com /web/Record/Callouts 2002Jul27.htm
106.12.10 21:37 B C:\Documents and Settings\Robert Howard\My Documents\ARES\Renfrew Co\Web\Record\Callouts\2003Aug10.htm --> www.technifest.com /web/Record/Callouts 2003Aug10.htm
106.12.10 21:37 B C:\Documents and Settings\Robert Howard\My Documents\ARES\Renfrew Co\Web\Record\Callouts\2003Jul24.htm --> www.technifest.com /web/Record/Callouts 2003Jul24.htm
106.12.10 21:37 B C:\Documents and Settings\Robert Howard\My Documents\ARES\Renfrew Co\Web\Record\Callouts\2004Oct21.htm --> www.technifest.com /web/Record/Callouts 2004Oct21.htm
106.12.11 16:25 B C:\Documents and Settings\Robert Howard\My Documents\ARES\Renfrew Co\Web\Record\Callouts\2002Jul27.htm --> www.technifest.com /web/Record/Callouts 2002Jul27.htm
106.12.11 16:29 B C:\Documents and Settings\Robert Howard\My Documents\ARES\Renfrew Co\Web\Record\Callouts\2002Jul27.htm --> www.technifest.com /web/Record/Callouts 2002Jul27.htm
106.12.11 16:29 B C:\Documents and Settings\Robert Howard\My Documents\ARES\Renfrew Co\Web\Record\Callouts\2003Aug10.htm --> www.technifest.com /web/Record/Callouts 2003Aug10.htm
106.12.11 16:29 B C:\Documents and Settings\Robert Howard\My Documents\ARES\Renfrew Co\Web\Record\Callouts\2003Jul24.htm --> www.technifest.com /web/Record/Callouts 2003Jul24.htm
106.12.11 16:29 B C:\Documents and Settings\Robert Howard\My Documents\ARES\Renfrew Co\Web\Record\Callouts\2004Oct21.htm --> www.technifest.com /web/Record/Callouts 2004Oct21.htm
116.03.24 22:04 B C:\Users\Bob\my documents\ares\renfrew county\Web_new_2016\Record\Callouts\2002Jul27.htm --> ftp.niceguyjim.com /Record/Callouts 2002Jul27.htm
116.03.24 22:04 B C:\Users\Bob\my documents\ares\renfrew county\Web_new_2016\Record\Callouts\2003Aug10.htm --> ftp.niceguyjim.com /Record/Callouts 2003Aug10.htm
116.03.24 22:04 B C:\Users\Bob\my documents\ares\renfrew county\Web_new_2016\Record\Callouts\2003Jul24.htm --> ftp.niceguyjim.com /Record/Callouts 2003Jul24.htm
116.03.24 22:04 B C:\Users\Bob\my documents\ares\renfrew county\Web_new_2016\Record\Callouts\2004Oct21.htm --> ftp.niceguyjim.com /Record/Callouts 2004Oct21.htm
116.03.24 22:04 B C:\Users\Bob\my documents\ares\renfrew county\Web_new_2016\Record\Callouts\woods27.jpg --> ftp.niceguyjim.com /Record/Callouts woods27.jpg
