111.02.06 21:47 B C:\my documents\ares\renfrew county\web\Record\Silver Spn 11\5Kchk.jpg --> www.technifest.com /web/Record/Silver Spn 11 5Kchk.jpg
111.02.06 21:47 B C:\my documents\ares\renfrew county\web\Record\Silver Spn 11\Base.jpg --> www.technifest.com /web/Record/Silver Spn 11 Base.jpg
111.02.06 21:47 B C:\my documents\ares\renfrew county\web\Record\Silver Spn 11\Equip.jpg --> www.technifest.com /web/Record/Silver Spn 11 Equip.jpg
111.02.06 21:47 B C:\my documents\ares\renfrew county\web\Record\Silver Spn 11\Silver Spn 2011.htm --> www.technifest.com /web/Record/Silver Spn 11 Silver Spn 2011.htm
111.02.06 21:47 B C:\my documents\ares\renfrew county\web\Record\Silver Spn 11\Thumbs.db --> www.technifest.com /web/Record/Silver Spn 11 Thumbs.db
111.02.06 21:47 B C:\my documents\ares\renfrew county\web\Record\Silver Spn 11\Tony.jpg --> www.technifest.com /web/Record/Silver Spn 11 Tony.jpg
112.03.10 17:25 B C:\my documents\ares\renfrew county\web\Record\Silver Spn 11\Silver Spn 2011.htm --> www.technifest.com /web/Record/Silver Spn 11 Silver Spn 2011.htm
112.10.26 10:42 B C:\my documents\ares\renfrew county\web\Record\Silver Spn 11\5Kchk.jpg --> www.technifest.com /Record/Silver Spn 11 5Kchk.jpg
112.10.26 10:42 B C:\my documents\ares\renfrew county\web\Record\Silver Spn 11\Base.jpg --> www.technifest.com /Record/Silver Spn 11 Base.jpg
112.10.26 10:42 B C:\my documents\ares\renfrew county\web\Record\Silver Spn 11\Equip.jpg --> www.technifest.com /Record/Silver Spn 11 Equip.jpg
112.10.26 10:42 B C:\my documents\ares\renfrew county\web\Record\Silver Spn 11\Silver Spn 2011.htm --> www.technifest.com /Record/Silver Spn 11 Silver Spn 2011.htm
112.10.26 10:42 B C:\my documents\ares\renfrew county\web\Record\Silver Spn 11\Thumbs.db --> www.technifest.com /Record/Silver Spn 11 Thumbs.db
112.10.26 10:42 B C:\my documents\ares\renfrew county\web\Record\Silver Spn 11\Tony.jpg --> www.technifest.com /Record/Silver Spn 11 Tony.jpg
112.10.26 10:42 B C:\my documents\ares\renfrew county\web\Record\Silver Spn 11\WS_FTP.LOG --> www.technifest.com /Record/Silver Spn 11 WS_FTP.LOG
116.03.24 22:06 B C:\Users\Bob\my documents\ares\renfrew county\Web_new_2016\Record\Silver Spn 11\5Kchk.jpg --> ftp.niceguyjim.com /Record/Silver Spn 11 5Kchk.jpg
116.03.24 22:06 B C:\Users\Bob\my documents\ares\renfrew county\Web_new_2016\Record\Silver Spn 11\Base.jpg --> ftp.niceguyjim.com /Record/Silver Spn 11 Base.jpg
116.03.24 22:06 B C:\Users\Bob\my documents\ares\renfrew county\Web_new_2016\Record\Silver Spn 11\Equip.jpg --> ftp.niceguyjim.com /Record/Silver Spn 11 Equip.jpg
116.03.24 22:06 B C:\Users\Bob\my documents\ares\renfrew county\Web_new_2016\Record\Silver Spn 11\Silver Spn 2011.htm --> ftp.niceguyjim.com /Record/Silver Spn 11 Silver Spn 2011.htm
116.03.24 22:06 B C:\Users\Bob\my documents\ares\renfrew county\Web_new_2016\Record\Silver Spn 11\Thumbs.db --> ftp.niceguyjim.com /Record/Silver Spn 11 Thumbs.db
116.03.24 22:06 B C:\Users\Bob\my documents\ares\renfrew county\Web_new_2016\Record\Silver Spn 11\Tony.jpg --> ftp.niceguyjim.com /Record/Silver Spn 11 Tony.jpg
