106.12.10 21:11 B C:\Documents and Settings\Robert Howard\My Documents\ARES\Renfrew Co\Web\Record\record.htm <-- ARES /web/Record record.htm
107.11.02 17:11 B C:\Documents and Settings\Robert Howard\My Documents\ARES\Renfrew Co\Web\Record\record.htm --> www.technifest.com /web/Record record.htm
107.11.02 17:20 B C:\Documents and Settings\Robert Howard\My Documents\ARES\Renfrew Co\Web\Record\record.htm --> www.technifest.com /web/Record record.htm
107.11.02 21:52 B C:\Documents and Settings\Robert Howard\My Documents\ARES\Renfrew Co\Web\Record\record.htm --> www.technifest.com /web/Record record.htm
107.11.09 12:44 B C:\Documents and Settings\Robert Howard\My Documents\ARES\Renfrew Co\Web\Record\record.htm --> www.technifest.com /web/Record record.htm
107.11.09 12:58 B C:\Documents and Settings\Robert Howard\My Documents\ARES\Renfrew Co\Web\Record\record.htm --> www.technifest.com /web/Record record.htm
107.11.09 13:30 B C:\Documents and Settings\Robert Howard\My Documents\ARES\Renfrew Co\Web\Record\record.htm --> www.technifest.com /web/Record record.htm
107.11.09 13:47 B C:\Documents and Settings\Robert Howard\My Documents\ARES\Renfrew Co\Web\Record\record.htm --> www.technifest.com /web/Record record.htm
108.07.11 11:58 B C:\Documents and Settings\Robert Howard\My Documents\ARES\Renfrew Co\Web\Record\record.htm --> www.technifest.com /web/Record record.htm
108.07.11 22:16 B C:\Documents and Settings\Robert Howard\My Documents\ARES\Renfrew Co\Web\Record\record.htm --> www.technifest.com /web/Record record.htm
108.07.11 22:20 B C:\Documents and Settings\Robert Howard\My Documents\ARES\Renfrew Co\Web\Record\record.htm --> www.technifest.com /web/Record record.htm
108.08.02 13:31 B C:\Documents and Settings\Robert Howard\My Documents\ARES\Renfrew Co\Web\Record\record.htm --> www.technifest.com /web record.htm
108.08.02 13:32 B C:\Documents and Settings\Robert Howard\My Documents\ARES\Renfrew Co\Web\Record\record.htm --> www.technifest.com /web/Record record.htm
110.07.09 20:23 B C:\my documents\ares\renfrew county\web\Record\record.htm --> www.technifest.com /web/Record record.htm
110.10.12 16:59 B C:\my documents\ares\renfrew county\web\Record\record.htm --> www.technifest.com /web/Record record.htm
110.10.18 10:28 B C:\my documents\ares\renfrew county\web\Record\record.htm --> www.technifest.com /web/Record record.htm
110.11.30 11:22 B C:\my documents\ares\renfrew county\web\Record\record.htm --> www.technifest.com /web/Record record.htm
110.11.30 11:23 B C:\my documents\ares\renfrew county\web\Record\Exercise2010Nov27.pdf --> www.technifest.com /web/Record Exercise2010Nov27.pdf
110.12.01 19:48 B C:\my documents\ares\renfrew county\web\Record\Exercise2010Nov27.pdf --> www.technifest.com /web/Record Exercise2010Nov27.pdf
111.02.06 21:47 B C:\my documents\ares\renfrew county\web\Record\record.htm --> www.technifest.com /web/Record record.htm
111.09.19 08:59 B C:\my documents\ares\renfrew county\web\Record\record.htm --> www.technifest.com /web/Record record.htm
111.09.19 09:00 B C:\my documents\ares\renfrew county\web\Record\GM_Wet_Feet_2011.htm --> www.technifest.com /web/Record GM_Wet_Feet_2011.htm
111.09.19 09:50 B C:\my documents\ares\renfrew county\web\Record\record.htm --> www.technifest.com /web/newsite/documents/ares/activities/record record.htm
111.09.19 09:50 B C:\my documents\ares\renfrew county\web\Record\GM_Wet_Feet_2011.htm --> www.technifest.com /web/newsite/documents/ares/activities/record GM_Wet_Feet_2011.htm
112.10.26 10:38 B C:\my documents\ares\renfrew county\web\Record\record.htm --> www.technifest.com /Record record.htm
112.10.26 10:42 B C:\my documents\ares\renfrew county\web\Record\Exercise2010Nov27.pdf --> www.technifest.com /Record Exercise2010Nov27.pdf
112.10.26 10:42 B C:\my documents\ares\renfrew county\web\Record\GM_Wet_Feet_2011.htm --> www.technifest.com /Record GM_Wet_Feet_2011.htm
116.03.24 22:07 B C:\Users\Bob\my documents\ares\renfrew county\Web_new_2016\Record\Exercise2010Nov27.doc --> ftp.niceguyjim.com /Record Exercise2010Nov27.doc
116.03.24 22:07 B C:\Users\Bob\my documents\ares\renfrew county\Web_new_2016\Record\Exercise2010Nov27.pdf --> ftp.niceguyjim.com /Record Exercise2010Nov27.pdf
116.03.24 22:07 B C:\Users\Bob\my documents\ares\renfrew county\Web_new_2016\Record\GM_Wet_Feet_2011.htm --> ftp.niceguyjim.com /Record GM_Wet_Feet_2011.htm
116.03.24 22:07 B C:\Users\Bob\my documents\ares\renfrew county\Web_new_2016\Record\record.htm --> ftp.niceguyjim.com /Record record.htm
