2006.02.19 16:57 B D:\TechniFest\web page\RCARES\Record\CRRNEP\CRRNEP&Packet.PDF <-- TechniFest /web/ARES/Record/CRRNEP CRRNEP&Packet.PDF
2006.02.19 17:07 B D:\TechniFest\web page\RCARES\Record\CRRNEP\CRRNEP&Packet.PDF --> www.technifest.com /.users/135/rcares/web/Record/CRRNEP CRRNEP&Packet.PDF
2006.10.23 11:54 B D:\INCOMING\webmod\rcares_web_record\Record\CRRNEP\WS_FTP.LOG <-- TechniFest /.users/135/rcares/web/Record/CRRNEP WS_FTP.LOG
2006.10.23 11:54 B D:\INCOMING\webmod\rcares_web_record\Record\CRRNEP\CRRNEP&Packet.PDF <-- TechniFest /.users/135/rcares/web/Record/CRRNEP CRRNEP&Packet.PDF
2006.10.23 13:50 B D:\INCOMING\webmod\rcares_web_record\Record\CRRNEP\CRRNEP&Packet.PDF --> www.technifest.com /web/Record/CRRNEP CRRNEP&Packet.PDF
106.12.10 21:11 B C:\Documents and Settings\Robert Howard\My Documents\ARES\Renfrew Co\Web\Record\CRRNEP\WS_FTP.LOG <-- ARES /web/Record/CRRNEP WS_FTP.LOG
107.11.02 21:52 B C:\Documents and Settings\Robert Howard\My Documents\ARES\Renfrew Co\Web\Record\CRRNEP\Exercise07.html --> www.technifest.com /web/Record/CRRNEP Exercise07.html
107.11.02 22:00 B C:\Documents and Settings\Robert Howard\My Documents\ARES\Renfrew Co\Web\Record\CRRNEP\Exercise07.html --> www.technifest.com /web/Record/CRRNEP Exercise07.html
107.11.02 22:02 B C:\Documents and Settings\Robert Howard\My Documents\ARES\Renfrew Co\Web\Record\CRRNEP\Exercise07.html --> www.technifest.com /web/Record/CRRNEP Exercise07.html
107.11.02 22:05 B C:\Documents and Settings\Robert Howard\My Documents\ARES\Renfrew Co\Web\Record\CRRNEP\Exercise07.html --> www.technifest.com /web/Record/CRRNEP Exercise07.html
107.11.09 10:37 B C:\Documents and Settings\Robert Howard\My Documents\ARES\Renfrew Co\Web\Record\CRRNEP\Exercise07.html --> www.technifest.com /web/Record/CRRNEP Exercise07.html
108.07.11 22:26 B C:\Documents and Settings\Robert Howard\My Documents\ARES\Renfrew Co\Web\Record\CRRNEP\EIC1.jpg <-- ARES /web/Record/CRRNEP EIC1.jpg
108.07.11 22:26 B C:\Documents and Settings\Robert Howard\My Documents\ARES\Renfrew Co\Web\Record\CRRNEP\MOC1.jpg <-- ARES /web/Record/CRRNEP MOC1.jpg
108.07.11 22:26 B C:\Documents and Settings\Robert Howard\My Documents\ARES\Renfrew Co\Web\Record\CRRNEP\MOC2.jpg <-- ARES /web/Record/CRRNEP MOC2.jpg
108.07.11 22:26 B C:\Documents and Settings\Robert Howard\My Documents\ARES\Renfrew Co\Web\Record\CRRNEP\MOC3.jpg <-- ARES /web/Record/CRRNEP MOC3.jpg
108.07.11 22:26 B C:\Documents and Settings\Robert Howard\My Documents\ARES\Renfrew Co\Web\Record\CRRNEP\MOC4.jpg <-- ARES /web/Record/CRRNEP MOC4.jpg
108.07.11 22:26 B C:\Documents and Settings\Robert Howard\My Documents\ARES\Renfrew Co\Web\Record\CRRNEP\MOC5.jpg <-- ARES /web/Record/CRRNEP MOC5.jpg
108.07.11 22:27 B C:\Documents and Settings\Robert Howard\My Documents\ARES\Renfrew Co\Web\Record\CRRNEP\MOC6.jpg <-- ARES /web/Record/CRRNEP MOC6.jpg
108.07.11 22:27 B C:\Documents and Settings\Robert Howard\My Documents\ARES\Renfrew Co\Web\Record\CRRNEP\REC1.jpg <-- ARES /web/Record/CRRNEP REC1.jpg
108.07.11 22:27 B C:\Documents and Settings\Robert Howard\My Documents\ARES\Renfrew Co\Web\Record\CRRNEP\REC2.jpg <-- ARES /web/Record/CRRNEP REC2.jpg
110.10.12 16:59 B C:\my documents\ares\renfrew county\web\Record\CRRNEP\Exercise07.html --> www.technifest.com /web/Record Exercise07.html
110.10.12 17:00 B C:\my documents\ares\renfrew county\web\Record\CRRNEP\Exercise07.html --> www.technifest.com /web/Record/CRRNEP Exercise07.html
112.03.10 17:14 B C:\my documents\ares\renfrew county\web\Record\CRRNEP\Exercise07.html --> www.technifest.com /web/Record/CRRNEP Exercise07.html
112.10.28 14:52 B C:\my documents\ares\renfrew county\web\Record\CRRNEP\EIC1.jpg --> www.technifest.com /Record/CRRNEP EIC1.jpg
112.10.28 14:52 B C:\my documents\ares\renfrew county\web\Record\CRRNEP\Exercise07.html --> www.technifest.com /Record/CRRNEP Exercise07.html
112.10.28 14:52 B C:\my documents\ares\renfrew county\web\Record\CRRNEP\MOC1.jpg --> www.technifest.com /Record/CRRNEP MOC1.jpg
112.10.28 14:52 B C:\my documents\ares\renfrew county\web\Record\CRRNEP\MOC2.jpg --> www.technifest.com /Record/CRRNEP MOC2.jpg
112.10.28 14:52 B C:\my documents\ares\renfrew county\web\Record\CRRNEP\MOC3.jpg --> www.technifest.com /Record/CRRNEP MOC3.jpg
112.10.28 14:52 B C:\my documents\ares\renfrew county\web\Record\CRRNEP\MOC4.jpg --> www.technifest.com /Record/CRRNEP MOC4.jpg
112.10.28 14:52 B C:\my documents\ares\renfrew county\web\Record\CRRNEP\MOC5.jpg --> www.technifest.com /Record/CRRNEP MOC5.jpg
112.10.28 14:52 B C:\my documents\ares\renfrew county\web\Record\CRRNEP\MOC6.jpg --> www.technifest.com /Record/CRRNEP MOC6.jpg
112.10.28 14:52 B C:\my documents\ares\renfrew county\web\Record\CRRNEP\REC1.jpg --> www.technifest.com /Record/CRRNEP REC1.jpg
112.10.28 14:52 B C:\my documents\ares\renfrew county\web\Record\CRRNEP\REC2.jpg --> www.technifest.com /Record/CRRNEP REC2.jpg
112.10.28 14:52 B C:\my documents\ares\renfrew county\web\Record\CRRNEP\WS_FTP.LOG --> www.technifest.com /Record/CRRNEP WS_FTP.LOG
116.03.24 22:04 B C:\Users\Bob\my documents\ares\renfrew county\Web_new_2016\Record\CRRNEP\CRRNEP&Packet.PDF --> ftp.niceguyjim.com /Record/CRRNEP CRRNEP&Packet.PDF
116.03.24 22:04 B C:\Users\Bob\my documents\ares\renfrew county\Web_new_2016\Record\CRRNEP\EIC1.jpg --> ftp.niceguyjim.com /Record/CRRNEP EIC1.jpg
116.03.24 22:04 B C:\Users\Bob\my documents\ares\renfrew county\Web_new_2016\Record\CRRNEP\Exercise07.html --> ftp.niceguyjim.com /Record/CRRNEP Exercise07.html
116.03.24 22:04 B C:\Users\Bob\my documents\ares\renfrew county\Web_new_2016\Record\CRRNEP\MOC1.jpg --> ftp.niceguyjim.com /Record/CRRNEP MOC1.jpg
116.03.24 22:04 B C:\Users\Bob\my documents\ares\renfrew county\Web_new_2016\Record\CRRNEP\MOC2.jpg --> ftp.niceguyjim.com /Record/CRRNEP MOC2.jpg
116.03.24 22:04 B C:\Users\Bob\my documents\ares\renfrew county\Web_new_2016\Record\CRRNEP\MOC3.jpg --> ftp.niceguyjim.com /Record/CRRNEP MOC3.jpg
116.03.24 22:04 B C:\Users\Bob\my documents\ares\renfrew county\Web_new_2016\Record\CRRNEP\MOC4.jpg --> ftp.niceguyjim.com /Record/CRRNEP MOC4.jpg
116.03.24 22:04 B C:\Users\Bob\my documents\ares\renfrew county\Web_new_2016\Record\CRRNEP\MOC5.jpg --> ftp.niceguyjim.com /Record/CRRNEP MOC5.jpg
116.03.24 22:04 B C:\Users\Bob\my documents\ares\renfrew county\Web_new_2016\Record\CRRNEP\MOC6.jpg --> ftp.niceguyjim.com /Record/CRRNEP MOC6.jpg
116.03.24 22:04 B C:\Users\Bob\my documents\ares\renfrew county\Web_new_2016\Record\CRRNEP\REC1.jpg --> ftp.niceguyjim.com /Record/CRRNEP REC1.jpg
116.03.24 22:04 B C:\Users\Bob\my documents\ares\renfrew county\Web_new_2016\Record\CRRNEP\REC2.jpg --> ftp.niceguyjim.com /Record/CRRNEP REC2.jpg
