2006.02.19 16:57 B D:\TechniFest\web page\RCARES\Record\Paddlequest2004\PQ2004.htm <-- TechniFest /web/ARES/Record/Paddlequest2004 PQ2004.htm
2006.02.19 16:57 B D:\TechniFest\web page\RCARES\Record\Paddlequest2004\PQ2004_pg2.htm <-- TechniFest /web/ARES/Record/Paddlequest2004 PQ2004_pg2.htm
2006.02.19 16:57 B D:\TechniFest\web page\RCARES\Record\Paddlequest2004\PQ2004_pg3.htm <-- TechniFest /web/ARES/Record/Paddlequest2004 PQ2004_pg3.htm
2006.02.19 17:07 B D:\TechniFest\web page\RCARES\Record\Paddlequest2004\PQ2004.htm --> www.technifest.com /.users/135/rcares/web/Record/Paddlequest2004 PQ2004.htm
2006.02.19 17:07 B D:\TechniFest\web page\RCARES\Record\Paddlequest2004\PQ2004_pg2.htm --> www.technifest.com /.users/135/rcares/web/Record/Paddlequest2004 PQ2004_pg2.htm
2006.02.19 17:07 B D:\TechniFest\web page\RCARES\Record\Paddlequest2004\PQ2004_pg3.htm --> www.technifest.com /.users/135/rcares/web/Record/Paddlequest2004 PQ2004_pg3.htm
2006.10.23 11:54 B D:\INCOMING\webmod\rcares_web_record\Record\Paddlequest2004\WS_FTP.LOG <-- TechniFest /.users/135/rcares/web/Record/Paddlequest2004 WS_FTP.LOG
2006.10.23 11:54 B D:\INCOMING\webmod\rcares_web_record\Record\Paddlequest2004\PQ2004_pg3.htm <-- TechniFest /.users/135/rcares/web/Record/Paddlequest2004 PQ2004_pg3.htm
2006.10.23 11:54 B D:\INCOMING\webmod\rcares_web_record\Record\Paddlequest2004\PQ2004_pg2.htm <-- TechniFest /.users/135/rcares/web/Record/Paddlequest2004 PQ2004_pg2.htm
2006.10.23 11:54 B D:\INCOMING\webmod\rcares_web_record\Record\Paddlequest2004\PQ2004.htm <-- TechniFest /.users/135/rcares/web/Record/Paddlequest2004 PQ2004.htm
2006.10.23 13:50 B D:\INCOMING\webmod\rcares_web_record\Record\Paddlequest2004\PQ2004.htm --> www.technifest.com /web/Record/Paddlequest2004 PQ2004.htm
2006.10.23 13:50 B D:\INCOMING\webmod\rcares_web_record\Record\Paddlequest2004\PQ2004_pg2.htm --> www.technifest.com /web/Record/Paddlequest2004 PQ2004_pg2.htm
2006.10.23 13:50 B D:\INCOMING\webmod\rcares_web_record\Record\Paddlequest2004\PQ2004_pg3.htm --> www.technifest.com /web/Record/Paddlequest2004 PQ2004_pg3.htm
106.12.10 21:11 B C:\Documents and Settings\Robert Howard\My Documents\ARES\Renfrew Co\Web\Record\Paddlequest2004\WS_FTP.LOG <-- ARES /web/Record/Paddlequest2004 WS_FTP.LOG
106.12.10 21:25 B C:\Documents and Settings\Robert Howard\My Documents\ARES\Renfrew Co\Web\Record\Paddlequest2004\PQ2004.htm --> www.technifest.com /web/Record/Paddlequest2004 PQ2004.htm
106.12.10 21:27 B C:\Documents and Settings\Robert Howard\My Documents\ARES\Renfrew Co\Web\Record\Paddlequest2004\PQ2004.htm --> www.technifest.com /web/Record/Paddlequest2004 PQ2004.htm
106.12.10 21:38 B C:\Documents and Settings\Robert Howard\My Documents\ARES\Renfrew Co\Web\Record\Paddlequest2004\PQ2004.htm --> www.technifest.com /web/Record/Paddlequest2004 PQ2004.htm
106.12.10 21:38 B C:\Documents and Settings\Robert Howard\My Documents\ARES\Renfrew Co\Web\Record\Paddlequest2004\PQ2004_pg2.htm --> www.technifest.com /web/Record/Paddlequest2004 PQ2004_pg2.htm
106.12.10 21:38 B C:\Documents and Settings\Robert Howard\My Documents\ARES\Renfrew Co\Web\Record\Paddlequest2004\PQ2004_pg3.htm --> www.technifest.com /web/Record/Paddlequest2004 PQ2004_pg3.htm
106.12.11 16:30 B C:\Documents and Settings\Robert Howard\My Documents\ARES\Renfrew Co\Web\Record\Paddlequest2004\PQ2004.htm --> www.technifest.com /web/Record/Paddlequest2004 PQ2004.htm
106.12.11 16:30 B C:\Documents and Settings\Robert Howard\My Documents\ARES\Renfrew Co\Web\Record\Paddlequest2004\PQ2004_pg2.htm --> www.technifest.com /web/Record/Paddlequest2004 PQ2004_pg2.htm
106.12.11 16:30 B C:\Documents and Settings\Robert Howard\My Documents\ARES\Renfrew Co\Web\Record\Paddlequest2004\PQ2004_pg3.htm --> www.technifest.com /web/Record/Paddlequest2004 PQ2004_pg3.htm
110.10.12 17:01 B C:\my documents\ares\renfrew county\web\Record\Paddlequest2004\PQ2004.htm --> www.technifest.com /web/Record/Paddlequest2004 PQ2004.htm
110.10.12 17:01 B C:\my documents\ares\renfrew county\web\Record\Paddlequest2004\PQ2004_pg2.htm --> www.technifest.com /web/Record/Paddlequest2004 PQ2004_pg2.htm
110.10.12 17:01 B C:\my documents\ares\renfrew county\web\Record\Paddlequest2004\PQ2004_pg3.htm --> www.technifest.com /web/Record/Paddlequest2004 PQ2004_pg3.htm
116.03.24 22:05 B C:\Users\Bob\my documents\ares\renfrew county\Web_new_2016\Record\Paddlequest2004\PQ2004.htm --> ftp.niceguyjim.com /Record/Paddlequest2004 PQ2004.htm
116.03.24 22:05 B C:\Users\Bob\my documents\ares\renfrew county\Web_new_2016\Record\Paddlequest2004\PQ2004_pg2.htm --> ftp.niceguyjim.com /Record/Paddlequest2004 PQ2004_pg2.htm
116.03.24 22:05 B C:\Users\Bob\my documents\ares\renfrew county\Web_new_2016\Record\Paddlequest2004\PQ2004_pg3.htm --> ftp.niceguyjim.com /Record/Paddlequest2004 PQ2004_pg3.htm
