106.12.10 21:10 B C:\Documents and Settings\Robert Howard\My Documents\ARES\Renfrew Co\Web\Meetings\15OCT04.htm <-- ARES /web/Meetings 15OCT04.htm
106.12.10 21:10 B C:\Documents and Settings\Robert Howard\My Documents\ARES\Renfrew Co\Web\Meetings\15OCT04ATT.htm <-- ARES /web/Meetings 15OCT04ATT.htm
106.12.10 21:10 B C:\Documents and Settings\Robert Howard\My Documents\ARES\Renfrew Co\Web\Meetings\26MAY04.htm <-- ARES /web/Meetings 26MAY04.htm
106.12.10 21:10 B C:\Documents and Settings\Robert Howard\My Documents\ARES\Renfrew Co\Web\Meetings\28APR04.htm <-- ARES /web/Meetings 28APR04.htm
106.12.10 21:10 B C:\Documents and Settings\Robert Howard\My Documents\ARES\Renfrew Co\Web\Meetings\31MAR04.htm <-- ARES /web/Meetings 31MAR04.htm
106.12.10 21:10 B C:\Documents and Settings\Robert Howard\My Documents\ARES\Renfrew Co\Web\Meetings\31MAR04ATT.htm <-- ARES /web/Meetings 31MAR04ATT.htm
106.12.10 21:10 B C:\Documents and Settings\Robert Howard\My Documents\ARES\Renfrew Co\Web\Meetings\F0118Arnprior2.htm <-- ARES /web/Meetings F0118Arnprior2.htm
106.12.11 16:32 B C:\Documents and Settings\Robert Howard\My Documents\ARES\Renfrew Co\Web\Meetings\15OCT04.htm --> www.technifest.com /web/Meetings 15OCT04.htm
106.12.11 16:32 B C:\Documents and Settings\Robert Howard\My Documents\ARES\Renfrew Co\Web\Meetings\15OCT04ATT.htm --> www.technifest.com /web/Meetings 15OCT04ATT.htm
106.12.11 16:32 B C:\Documents and Settings\Robert Howard\My Documents\ARES\Renfrew Co\Web\Meetings\26MAY04.htm --> www.technifest.com /web/Meetings 26MAY04.htm
106.12.11 16:32 B C:\Documents and Settings\Robert Howard\My Documents\ARES\Renfrew Co\Web\Meetings\28APR04.htm --> www.technifest.com /web/Meetings 28APR04.htm
106.12.11 16:32 B C:\Documents and Settings\Robert Howard\My Documents\ARES\Renfrew Co\Web\Meetings\31MAR04.htm --> www.technifest.com /web/Meetings 31MAR04.htm
106.12.11 16:32 B C:\Documents and Settings\Robert Howard\My Documents\ARES\Renfrew Co\Web\Meetings\31MAR04ATT.htm --> www.technifest.com /web/Meetings 31MAR04ATT.htm
106.12.11 16:32 B C:\Documents and Settings\Robert Howard\My Documents\ARES\Renfrew Co\Web\Meetings\F0118Arnprior2.htm --> www.technifest.com /web/Meetings F0118Arnprior2.htm
116.03.24 22:09 B C:\Users\Bob\my documents\ares\renfrew county\Web_new_2016\Meetings\15OCT04.htm --> ftp.niceguyjim.com /Meetings 15OCT04.htm
116.03.24 22:09 B C:\Users\Bob\my documents\ares\renfrew county\Web_new_2016\Meetings\15OCT04ATT.htm --> ftp.niceguyjim.com /Meetings 15OCT04ATT.htm
116.03.24 22:09 B C:\Users\Bob\my documents\ares\renfrew county\Web_new_2016\Meetings\26MAY04.htm --> ftp.niceguyjim.com /Meetings 26MAY04.htm
116.03.24 22:09 B C:\Users\Bob\my documents\ares\renfrew county\Web_new_2016\Meetings\28APR04.htm --> ftp.niceguyjim.com /Meetings 28APR04.htm
116.03.24 22:09 B C:\Users\Bob\my documents\ares\renfrew county\Web_new_2016\Meetings\31MAR04.htm --> ftp.niceguyjim.com /Meetings 31MAR04.htm
116.03.24 22:09 B C:\Users\Bob\my documents\ares\renfrew county\Web_new_2016\Meetings\31MAR04ATT.htm --> ftp.niceguyjim.com /Meetings 31MAR04ATT.htm
116.03.24 22:09 B C:\Users\Bob\my documents\ares\renfrew county\Web_new_2016\Meetings\F0118Arnprior2.htm --> ftp.niceguyjim.com /Meetings F0118Arnprior2.htm
