113.12.05 16:27 B C:\my documents\ares\renfrew county\web\Outpost Data Files\AddrInfo.dat --> www.technifest.com /Outpost Data Files AddrInfo.dat
113.12.05 16:27 B C:\my documents\ares\renfrew county\web\Outpost Data Files\BbsInfo.dat --> www.technifest.com /Outpost Data Files BbsInfo.dat
113.12.05 16:27 B C:\my documents\ares\renfrew county\web\Outpost Data Files\KAM V7.ini --> www.technifest.com /Outpost Data Files KAM V7.ini
113.12.05 16:27 B C:\my documents\ares\renfrew county\web\Outpost Data Files\KPC2.ini --> www.technifest.com /Outpost Data Files KPC2.ini
113.12.05 16:27 B C:\my documents\ares\renfrew county\web\Outpost Data Files\OTTAWA FIRE SERVICES.pth --> www.technifest.com /Outpost Data Files OTTAWA FIRE SERVICES.pth
113.12.05 16:27 B C:\my documents\ares\renfrew county\web\Outpost Data Files\RBW THRU PEM.pth --> www.technifest.com /Outpost Data Files RBW THRU PEM.pth
113.12.05 16:27 B C:\my documents\ares\renfrew county\web\Outpost Data Files\REDCRS.pth --> www.technifest.com /Outpost Data Files REDCRS.pth
113.12.05 16:27 B C:\my documents\ares\renfrew county\web\Outpost Data Files\TncInfo.dat --> www.technifest.com /Outpost Data Files TncInfo.dat
113.12.05 16:27 B C:\my documents\ares\renfrew county\web\Outpost Data Files\VA3RBW-1.pth --> www.technifest.com /Outpost Data Files VA3RBW-1.pth
113.12.06 19:30 B C:\my documents\ares\renfrew county\web\Outpost Data Files\BbsInfo.dat --> www.technifest.com /Outpost Data Files BbsInfo.dat
113.12.06 19:30 B C:\my documents\ares\renfrew county\web\Outpost Data Files\NRR THRU RBW.pth --> www.technifest.com /Outpost Data Files NRR THRU RBW.pth
113.12.06 19:30 B C:\my documents\ares\renfrew county\web\Outpost Data Files\OTTAWA FIRE SERV THRU NRR.pth --> www.technifest.com /Outpost Data Files OTTAWA FIRE SERV THRU NRR.pth
113.12.06 19:30 B C:\my documents\ares\renfrew county\web\Outpost Data Files\OTTAWA FIRE SERV THRU RBW.pth --> www.technifest.com /Outpost Data Files OTTAWA FIRE SERV THRU RBW.pth
113.12.06 19:30 B C:\my documents\ares\renfrew county\web\Outpost Data Files\RBW THRU NRR.pth --> www.technifest.com /Outpost Data Files RBW THRU NRR.pth
113.12.06 19:56 B C:\my documents\ares\renfrew county\web\Outpost Data Files\RCWARESmessage.txt --> www.technifest.com /Outpost Data Files RCWARESmessage.txt
115.05.11 13:20 B C:\Users\Bob\my documents\ares\renfrew county\web\Outpost Data Files\Ver3_Files.zip --> www.technifest.com /Outpost Data Files Ver3_Files.zip
115.05.13 13:15 B C:\Users\Bob\my documents\ares\renfrew county\web\Outpost Data Files\Ver_28_Files.zip --> www.technifest.com /Outpost Data Files Ver_28_Files.zip
115.05.21 13:08 B C:\Users\Bob\my documents\ares\renfrew county\web\Outpost Data Files\RCWARES_EXERCISE_msg.txt --> www.technifest.com /Outpost Data Files RCWARES_EXERCISE_msg.txt
115.05.21 13:08 B C:\Users\Bob\my documents\ares\renfrew county\web\Outpost Data Files\RCWARESmessage.txt --> www.technifest.com /Outpost Data Files RCWARESmessage.txt
115.05.21 13:10 B C:\Users\Bob\my documents\ares\renfrew county\web\Outpost Data Files\RC-ARESMessageForm_V3.doc --> www.technifest.com /Forms RC-ARESMessageForm_V3.doc
115.05.23 17:43 B C:\Users\Bob\my documents\ares\renfrew county\web\Outpost Data Files\Ver3_Files.zip --> www.technifest.com /Outpost Data Files Ver3_Files.zip
115.05.28 13:55 B C:\Users\Bob\my documents\ares\renfrew county\web\Outpost Data Files\RCWARES_EXERCISE_msg.txt --> www.technifest.com /Outpost Data Files RCWARES_EXERCISE_msg.txt
115.05.28 13:55 B C:\Users\Bob\my documents\ares\renfrew county\web\Outpost Data Files\RCWARESmessage.txt --> www.technifest.com /Outpost Data Files RCWARESmessage.txt
116.03.24 22:07 B C:\Users\Bob\my documents\ares\renfrew county\Web_new_2016\Outpost Data Files\AddrInfo.dat --> ftp.niceguyjim.com /Outpost Data Files AddrInfo.dat
116.03.24 22:07 B C:\Users\Bob\my documents\ares\renfrew county\Web_new_2016\Outpost Data Files\BbsInfo.dat --> ftp.niceguyjim.com /Outpost Data Files BbsInfo.dat
116.03.24 22:07 B C:\Users\Bob\my documents\ares\renfrew county\Web_new_2016\Outpost Data Files\KAM V7.ini --> ftp.niceguyjim.com /Outpost Data Files KAM V7.ini
116.03.24 22:07 B C:\Users\Bob\my documents\ares\renfrew county\Web_new_2016\Outpost Data Files\KPC2.ini --> ftp.niceguyjim.com /Outpost Data Files KPC2.ini
116.03.24 22:07 B C:\Users\Bob\my documents\ares\renfrew county\Web_new_2016\Outpost Data Files\NRR THRU RBW.pth --> ftp.niceguyjim.com /Outpost Data Files NRR THRU RBW.pth
116.03.24 22:07 B C:\Users\Bob\my documents\ares\renfrew county\Web_new_2016\Outpost Data Files\OTTAWA FIRE SERV THRU NRR.pth --> ftp.niceguyjim.com /Outpost Data Files OTTAWA FIRE SERV THRU NRR.pth
116.03.24 22:07 B C:\Users\Bob\my documents\ares\renfrew county\Web_new_2016\Outpost Data Files\OTTAWA FIRE SERV THRU RBW.pth --> ftp.niceguyjim.com /Outpost Data Files OTTAWA FIRE SERV THRU RBW.pth
116.03.24 22:07 B C:\Users\Bob\my documents\ares\renfrew county\Web_new_2016\Outpost Data Files\RBW THRU NRR.pth --> ftp.niceguyjim.com /Outpost Data Files RBW THRU NRR.pth
116.03.24 22:07 B C:\Users\Bob\my documents\ares\renfrew county\Web_new_2016\Outpost Data Files\RC-ARESMessageForm_V3.doc --> ftp.niceguyjim.com /Outpost Data Files RC-ARESMessageForm_V3.doc
116.03.24 22:07 B C:\Users\Bob\my documents\ares\renfrew county\Web_new_2016\Outpost Data Files\RCWARES_EXERCISE_msg.txt --> ftp.niceguyjim.com /Outpost Data Files RCWARES_EXERCISE_msg.txt
116.03.24 22:07 B C:\Users\Bob\my documents\ares\renfrew county\Web_new_2016\Outpost Data Files\RCWARESmessage.txt --> ftp.niceguyjim.com /Outpost Data Files RCWARESmessage.txt
116.03.24 22:07 B C:\Users\Bob\my documents\ares\renfrew county\Web_new_2016\Outpost Data Files\TncInfo.dat --> ftp.niceguyjim.com /Outpost Data Files TncInfo.dat
116.03.24 22:07 B C:\Users\Bob\my documents\ares\renfrew county\Web_new_2016\Outpost Data Files\Ver3_Files.zip --> ftp.niceguyjim.com /Outpost Data Files Ver3_Files.zip
116.03.24 22:07 B C:\Users\Bob\my documents\ares\renfrew county\Web_new_2016\Outpost Data Files\Ver_28_Files.zip --> ftp.niceguyjim.com /Outpost Data Files Ver_28_Files.zip
