106.12.10 21:12 B C:\Documents and Settings\Robert Howard\My Documents\ARES\Renfrew Co\Web\Scrapbook\EC.jpg <-- ARES /web/Scrapbook EC.jpg
106.12.10 21:12 B C:\Documents and Settings\Robert Howard\My Documents\ARES\Renfrew Co\Web\Scrapbook\EC_small.jpg <-- ARES /web/Scrapbook EC_small.jpg
106.12.10 21:12 B C:\Documents and Settings\Robert Howard\My Documents\ARES\Renfrew Co\Web\Scrapbook\kidder.jpg <-- ARES /web/Scrapbook kidder.jpg
106.12.10 21:12 B C:\Documents and Settings\Robert Howard\My Documents\ARES\Renfrew Co\Web\Scrapbook\kidder_small.jpg <-- ARES /web/Scrapbook kidder_small.jpg
106.12.10 21:12 B C:\Documents and Settings\Robert Howard\My Documents\ARES\Renfrew Co\Web\Scrapbook\PFD.jpg <-- ARES /web/Scrapbook PFD.jpg
106.12.10 21:12 B C:\Documents and Settings\Robert Howard\My Documents\ARES\Renfrew Co\Web\Scrapbook\PFD_small.jpg <-- ARES /web/Scrapbook PFD_small.jpg
106.12.10 21:12 B C:\Documents and Settings\Robert Howard\My Documents\ARES\Renfrew Co\Web\Scrapbook\PG1.jpg <-- ARES /web/Scrapbook PG1.jpg
106.12.10 21:12 B C:\Documents and Settings\Robert Howard\My Documents\ARES\Renfrew Co\Web\Scrapbook\PG1_small.jpg <-- ARES /web/Scrapbook PG1_small.jpg
106.12.10 21:12 B C:\Documents and Settings\Robert Howard\My Documents\ARES\Renfrew Co\Web\Scrapbook\PG2.jpg <-- ARES /web/Scrapbook PG2.jpg
106.12.10 21:12 B C:\Documents and Settings\Robert Howard\My Documents\ARES\Renfrew Co\Web\Scrapbook\PG2_small.jpg <-- ARES /web/Scrapbook PG2_small.jpg
106.12.10 21:12 B C:\Documents and Settings\Robert Howard\My Documents\ARES\Renfrew Co\Web\Scrapbook\PPPark.jpg <-- ARES /web/Scrapbook PPPark.jpg
106.12.10 21:12 B C:\Documents and Settings\Robert Howard\My Documents\ARES\Renfrew Co\Web\Scrapbook\PPPark_small.jpg <-- ARES /web/Scrapbook PPPark_small.jpg
106.12.10 21:12 B C:\Documents and Settings\Robert Howard\My Documents\ARES\Renfrew Co\Web\Scrapbook\roesler.jpg <-- ARES /web/Scrapbook roesler.jpg
106.12.10 21:12 B C:\Documents and Settings\Robert Howard\My Documents\ARES\Renfrew Co\Web\Scrapbook\roesler_small.jpg <-- ARES /web/Scrapbook roesler_small.jpg
106.12.10 21:12 B C:\Documents and Settings\Robert Howard\My Documents\ARES\Renfrew Co\Web\Scrapbook\scraps.htm <-- ARES /web/Scrapbook scraps.htm
106.12.10 21:12 B C:\Documents and Settings\Robert Howard\My Documents\ARES\Renfrew Co\Web\Scrapbook\west.jpg <-- ARES /web/Scrapbook west.jpg
106.12.10 21:12 B C:\Documents and Settings\Robert Howard\My Documents\ARES\Renfrew Co\Web\Scrapbook\west_small.jpg <-- ARES /web/Scrapbook west_small.jpg
106.12.11 16:37 B C:\Documents and Settings\Robert Howard\My Documents\ARES\Renfrew Co\Web\Scrapbook\scraps.htm --> www.technifest.com /web/Scrapbook scraps.htm
106.12.11 16:41 B C:\Documents and Settings\Robert Howard\My Documents\ARES\Renfrew Co\Web\Scrapbook\scraps.htm --> www.technifest.com /web scraps.htm
106.12.11 18:59 B C:\Documents and Settings\Robert Howard\My Documents\ARES\Renfrew Co\Web\Scrapbook\HALL_S06.JPG --> www.technifest.com /web HALL_S06.JPG
106.12.11 19:00 B C:\Documents and Settings\Robert Howard\My Documents\ARES\Renfrew Co\Web\Scrapbook\HALL_S06.JPG --> www.technifest.com /web/Scrapbook HALL_S06.JPG
106.12.11 19:00 B C:\Documents and Settings\Robert Howard\My Documents\ARES\Renfrew Co\Web\Scrapbook\hallow06.bmp --> www.technifest.com /web/Scrapbook hallow06.bmp
106.12.11 19:01 B C:\Documents and Settings\Robert Howard\My Documents\ARES\Renfrew Co\Web\Scrapbook\hallow06.jpg --> www.technifest.com /web/Scrapbook hallow06.jpg
106.12.11 19:01 B C:\Documents and Settings\Robert Howard\My Documents\ARES\Renfrew Co\Web\Scrapbook\hallow_s.jpg --> www.technifest.com /web/Scrapbook hallow_s.jpg
106.12.11 19:03 B C:\Documents and Settings\Robert Howard\My Documents\ARES\Renfrew Co\Web\Scrapbook\halloween06.jpg --> www.technifest.com /web/Scrapbook halloween06.jpg
106.12.11 19:03 B C:\Documents and Settings\Robert Howard\My Documents\ARES\Renfrew Co\Web\Scrapbook\scraps.htm --> www.technifest.com /web/Scrapbook scraps.htm
106.12.11 19:04 B C:\Documents and Settings\Robert Howard\My Documents\ARES\Renfrew Co\Web\Scrapbook\HALL_S06.JPG --> www.technifest.com /web HALL_S06.JPG
106.12.11 19:04 B C:\Documents and Settings\Robert Howard\My Documents\ARES\Renfrew Co\Web\Scrapbook\hallow06.bmp --> www.technifest.com /web hallow06.bmp
106.12.11 19:05 B C:\Documents and Settings\Robert Howard\My Documents\ARES\Renfrew Co\Web\Scrapbook\hallow06.jpg --> www.technifest.com /web hallow06.jpg
106.12.11 19:05 B C:\Documents and Settings\Robert Howard\My Documents\ARES\Renfrew Co\Web\Scrapbook\hallow_s.jpg --> www.technifest.com /web hallow_s.jpg
106.12.11 19:05 B C:\Documents and Settings\Robert Howard\My Documents\ARES\Renfrew Co\Web\Scrapbook\halloween06.jpg --> www.technifest.com /web halloween06.jpg
106.12.11 19:05 B C:\Documents and Settings\Robert Howard\My Documents\ARES\Renfrew Co\Web\Scrapbook\scraps.htm --> www.technifest.com /web scraps.htm
106.12.11 19:05 B C:\Documents and Settings\Robert Howard\My Documents\ARES\Renfrew Co\Web\Scrapbook\scraps.htm --> www.technifest.com /web scraps.htm
106.12.11 19:07 B C:\Documents and Settings\Robert Howard\My Documents\ARES\Renfrew Co\Web\Scrapbook\scraps.htm --> www.technifest.com /web scraps.htm
108.02.23 19:18 B C:\Documents and Settings\Robert Howard\My Documents\ARES\Renfrew Co\Web\Scrapbook\scraps.htm --> www.technifest.com /web/Scrapbook scraps.htm
108.02.23 19:29 B C:\Documents and Settings\Robert Howard\My Documents\ARES\Renfrew Co\Web\Scrapbook\scraps.htm --> www.technifest.com /web/Scrapbook scraps.htm
108.02.23 19:32 B C:\Documents and Settings\Robert Howard\My Documents\ARES\Renfrew Co\Web\Scrapbook\scraps.htm --> www.technifest.com /web scraps.htm
108.02.23 19:38 B C:\Documents and Settings\Robert Howard\My Documents\ARES\Renfrew Co\Web\Scrapbook\scraps.htm --> www.technifest.com /web scraps.htm
110.07.09 20:43 B C:\my documents\ares\renfrew county\web\Scrapbook\scraps.htm --> www.technifest.com /web/Scrapbook scraps.htm
110.07.09 20:45 B C:\my documents\ares\renfrew county\web\Scrapbook\scraps.htm --> www.technifest.com /web/Scrapbook scraps.htm
110.07.09 20:49 B C:\my documents\ares\renfrew county\web\Scrapbook\scraps.htm --> www.technifest.com /web/Scrapbook scraps.htm
110.07.09 20:50 B C:\my documents\ares\renfrew county\web\Scrapbook\scraps.htm --> www.technifest.com /web/Scrapbook scraps.htm
110.07.09 20:56 B C:\my documents\ares\renfrew county\web\Scrapbook\scraps.htm --> www.technifest.com /web/Scrapbook scraps.htm
110.07.09 21:02 B C:\my documents\ares\renfrew county\web\Scrapbook\scraps.htm --> www.technifest.com /web scraps.htm
113.12.06 11:18 B C:\my documents\ares\renfrew county\web\Scrapbook\HALL_S06.JPG --> www.technifest.com /Scrapbook HALL_S06.JPG
113.12.06 11:18 B C:\my documents\ares\renfrew county\web\Scrapbook\hallow06.jpg --> www.technifest.com /Scrapbook hallow06.jpg
113.12.06 11:18 B C:\my documents\ares\renfrew county\web\Scrapbook\hallow_s.jpg --> www.technifest.com /Scrapbook hallow_s.jpg
113.12.06 11:18 B C:\my documents\ares\renfrew county\web\Scrapbook\halloween06.jpg --> www.technifest.com /Scrapbook halloween06.jpg
116.03.24 22:01 B C:\Users\Bob\my documents\ares\renfrew county\Web_new_2016\Scrapbook\EC.jpg --> ftp.niceguyjim.com /Scrapbook EC.jpg
116.03.24 22:01 B C:\Users\Bob\my documents\ares\renfrew county\Web_new_2016\Scrapbook\EC_small.jpg --> ftp.niceguyjim.com /Scrapbook EC_small.jpg
116.03.24 22:01 B C:\Users\Bob\my documents\ares\renfrew county\Web_new_2016\Scrapbook\HALL_S06.JPG --> ftp.niceguyjim.com /Scrapbook HALL_S06.JPG
116.03.24 22:01 B C:\Users\Bob\my documents\ares\renfrew county\Web_new_2016\Scrapbook\hallow06.bmp --> ftp.niceguyjim.com /Scrapbook hallow06.bmp
116.03.24 22:01 B C:\Users\Bob\my documents\ares\renfrew county\Web_new_2016\Scrapbook\hallow06.jpg --> ftp.niceguyjim.com /Scrapbook hallow06.jpg
116.03.24 22:01 B C:\Users\Bob\my documents\ares\renfrew county\Web_new_2016\Scrapbook\hallow_s.jpg --> ftp.niceguyjim.com /Scrapbook hallow_s.jpg
116.03.24 22:01 B C:\Users\Bob\my documents\ares\renfrew county\Web_new_2016\Scrapbook\halloween06.jpg --> ftp.niceguyjim.com /Scrapbook halloween06.jpg
116.03.24 22:01 B C:\Users\Bob\my documents\ares\renfrew county\Web_new_2016\Scrapbook\kidder.jpg --> ftp.niceguyjim.com /Scrapbook kidder.jpg
116.03.24 22:01 B C:\Users\Bob\my documents\ares\renfrew county\Web_new_2016\Scrapbook\kidder_small.jpg --> ftp.niceguyjim.com /Scrapbook kidder_small.jpg
116.03.24 22:01 B C:\Users\Bob\my documents\ares\renfrew county\Web_new_2016\Scrapbook\PFD.jpg --> ftp.niceguyjim.com /Scrapbook PFD.jpg
116.03.24 22:01 B C:\Users\Bob\my documents\ares\renfrew county\Web_new_2016\Scrapbook\PFD_small.jpg --> ftp.niceguyjim.com /Scrapbook PFD_small.jpg
116.03.24 22:01 B C:\Users\Bob\my documents\ares\renfrew county\Web_new_2016\Scrapbook\PG1.jpg --> ftp.niceguyjim.com /Scrapbook PG1.jpg
116.03.24 22:01 B C:\Users\Bob\my documents\ares\renfrew county\Web_new_2016\Scrapbook\PG1_small.jpg --> ftp.niceguyjim.com /Scrapbook PG1_small.jpg
116.03.24 22:01 B C:\Users\Bob\my documents\ares\renfrew county\Web_new_2016\Scrapbook\PG2.jpg --> ftp.niceguyjim.com /Scrapbook PG2.jpg
116.03.24 22:01 B C:\Users\Bob\my documents\ares\renfrew county\Web_new_2016\Scrapbook\PG2_small.jpg --> ftp.niceguyjim.com /Scrapbook PG2_small.jpg
116.03.24 22:01 B C:\Users\Bob\my documents\ares\renfrew county\Web_new_2016\Scrapbook\PPPark.jpg --> ftp.niceguyjim.com /Scrapbook PPPark.jpg
116.03.24 22:01 B C:\Users\Bob\my documents\ares\renfrew county\Web_new_2016\Scrapbook\PPPark_small.jpg --> ftp.niceguyjim.com /Scrapbook PPPark_small.jpg
116.03.24 22:01 B C:\Users\Bob\my documents\ares\renfrew county\Web_new_2016\Scrapbook\roesler.jpg --> ftp.niceguyjim.com /Scrapbook roesler.jpg
116.03.24 22:01 B C:\Users\Bob\my documents\ares\renfrew county\Web_new_2016\Scrapbook\roesler_small.jpg --> ftp.niceguyjim.com /Scrapbook roesler_small.jpg
116.03.24 22:01 B C:\Users\Bob\my documents\ares\renfrew county\Web_new_2016\Scrapbook\scraps.htm --> ftp.niceguyjim.com /Scrapbook scraps.htm
116.03.24 22:01 B C:\Users\Bob\my documents\ares\renfrew county\Web_new_2016\Scrapbook\Thumbs.db --> ftp.niceguyjim.com /Scrapbook Thumbs.db
116.03.24 22:01 B C:\Users\Bob\my documents\ares\renfrew county\Web_new_2016\Scrapbook\west.jpg --> ftp.niceguyjim.com /Scrapbook west.jpg
116.03.24 22:01 B C:\Users\Bob\my documents\ares\renfrew county\Web_new_2016\Scrapbook\west_small.jpg --> ftp.niceguyjim.com /Scrapbook west_small.jpg
